MeTL Log
6:22 PM: Started MeTL
6:23 PM: At -1 moving to 76401
6:23 PM: Joined conversation 76400
6:23 PM: At 76401 moving to 76402
6:23 PM: At 76402 moving to 76404
6:23 PM: At 76404 moving to 76402
6:23 PM: At 76402 moving to 76404
6:23 PM: At 76404 moving to 76402
6:24 PM: Exception has been thrown by the target of an invocation.
MeTL Log
6:22 PM: Started MeTL
6:23 PM: At -1 moving to 76401
6:23 PM: Joined conversation 76400
6:23 PM: At 76401 moving to 76402
6:23 PM: At 76402 moving to 76404
6:23 PM: At 76404 moving to 76402
6:23 PM: At 76402 moving to 76404
6:23 PM: At 76404 moving to 76402
6:24 PM: Exception has been thrown by the target of an invocation.
6:24 PM: Exception has been thrown by the target of an invocation.
MeTL Log
6:22 PM: Started MeTL
6:23 PM: At -1 moving to 76401
6:23 PM: Joined conversation 76400
6:23 PM: At 76401 moving to 76402
6:23 PM: At 76402 moving to 76404
6:23 PM: At 76404 moving to 76402
6:23 PM: At 76402 moving to 76404
6:23 PM: At 76404 moving to 76402
6:24 PM: Exception has been thrown by the target of an invocation.
6:24 PM: Exception has been thrown by the target of an invocation.
6:24 PM: Exception has been thrown by the target of an invocation.
MeTL Log
3:52 PM: Started MeTL
3:52 PM: Exception has been thrown by the target of an invocation.
MeTL Log
3:53 PM: Started MeTL
3:53 PM: Exception has been thrown by the target of an invocation.
MeTL Log
6:10 PM: Started MeTL
6:10 PM: At -1 moving to 71401
6:10 PM: Joined conversation 71400
6:10 PM: At 71401 moving to 71474
6:11 PM: An unspecified error occurred on the render thread.
MeTL Log
9:07 PM: Started MeTL
9:07 PM: At -1 moving to 71401
9:07 PM: Joined conversation 71400
9:07 PM: At 71401 moving to 71474
9:07 PM: Exception has been thrown by the target of an invocation.
MeTL Log
10:07 AM: Started MeTL
10:07 AM: At -1 moving to 79401
10:07 AM: Joined conversation 79400
10:07 AM: At 79401 moving to 79402
10:07 AM: Exception has been thrown by the target of an invocation.
MeTL Log
10:08 AM: Started MeTL
10:08 AM: At -1 moving to 79401
10:08 AM: Joined conversation 79400
10:09 AM: At 79401 moving to 79402
10:09 AM: Exception has been thrown by the target of an invocation.
MeTL Log
11:59 AM: Started MeTL
11:59 AM: At -1 moving to 100401
11:59 AM: Joined conversation 100400
11:59 AM: At 100401 moving to 100402
11:59 AM: At 100402 moving to 100403
12:00 PM: At 100403 moving to 100402
12:00 PM: At 100402 moving to 100404
12:00 PM: At 100404 moving to 100403
12:00 PM: Exception has been thrown by the target of an invocation.
MeTL Log
2:43 PM: Started MeTL
2:43 PM: At -1 moving to 100401
2:43 PM: Joined conversation 100400
2:44 PM: Exception has been thrown by the target of an invocation.
MeTL Log
2:43 PM: Started MeTL
2:43 PM: At -1 moving to 100401
2:43 PM: Joined conversation 100400
2:44 PM: Exception has been thrown by the target of an invocation.
2:44 PM: Exception has been thrown by the target of an invocation.
MeTL Log
3:14 PM: Started MeTL
3:15 PM: At -1 moving to 100401
3:15 PM: Joined conversation 100400
3:15 PM: At 100401 moving to 100402
3:15 PM: At 100402 moving to 100403
3:15 PM: Exception has been thrown by the target of an invocation.
MeTL Log
11:40 AM: Started MeTL
11:42 AM: Object reference not set to an instance of an object.
MeTL Log
10:40 AM: Started MeTL
10:40 AM: At -1 moving to 217401
10:40 AM: Joined conversation 217400
10:40 AM: At 217401 moving to 209401
10:40 AM: Exception has been thrown by the target of an invocation.
MeTL Log
10:40 AM: Started MeTL
10:40 AM: At -1 moving to 217401
10:40 AM: Joined conversation 217400
10:40 AM: At 217401 moving to 209401
10:40 AM: Exception has been thrown by the target of an invocation.
10:40 AM: Exception has been thrown by the target of an invocation.
MeTL Log
10:18 AM: Started MeTL
10:19 AM: At -1 moving to 218401
10:19 AM: Joined conversation 218400
10:19 AM: At 218401 moving to 218410
10:19 AM: At 218410 moving to 218401
10:19 AM: At 218401 moving to 218410
10:19 AM: At 218410 moving to 218401
10:19 AM: At 218401 moving to 218410
10:19 AM: At 218410 moving to 218401
10:19 AM: At 218401 moving to 218410
10:19 AM: At 218410 moving to 218401
10:19 AM: At 218401 moving to 214401
10:19 AM: Joined conversation 214400
10:19 AM: At 214401 moving to 218401
10:19 AM: Joined conversation 218400
10:19 AM: At 218401 moving to 219401
10:19 AM: Joined conversation 219400
10:19 AM: 'target' resource not found.
MeTL Log
10:18 AM: Started MeTL
10:19 AM: At -1 moving to 218401
10:19 AM: Joined conversation 218400
10:19 AM: At 218401 moving to 218410
10:19 AM: At 218410 moving to 218401
10:19 AM: At 218401 moving to 218410
10:19 AM: At 218410 moving to 218401
10:19 AM: At 218401 moving to 218410
10:19 AM: At 218410 moving to 218401
10:19 AM: At 218401 moving to 218410
10:19 AM: At 218410 moving to 218401
10:19 AM: At 218401 moving to 214401
10:19 AM: Joined conversation 214400
10:19 AM: At 214401 moving to 218401
10:19 AM: Joined conversation 218400
10:19 AM: At 218401 moving to 219401
10:19 AM: Joined conversation 219400
10:19 AM: 'target' resource not found.
10:19 AM: Exception has been thrown by the target of an invocation.
MeTL Log
11/01/2010 9:23:29 AM.283: Started MeTL
11/01/2010 9:24:23 AM.123: At -1 moving to 285401
11/01/2010 9:24:23 AM.157: Retrieving 285401: 9:24 AM
11/01/2010 9:24:23 AM.165: Retrieving 285401chagan: 9:24 AM
11/01/2010 9:24:23 AM.403: Joined conversation 285400
11/01/2010 9:24:23 AM.453: 285401 retrieval complete at historyProvider
11/01/2010 9:24:23 AM.453: 285401chagan retrieval complete at historyProvider
11/01/2010 9:24:23 AM.455: JabberWire retrievalComplete action invoked for 285401
11/01/2010 9:24:23 AM.467: 285401 regurgitate finished 11/01/2010 9:24:23 AM
11/01/2010 9:24:28 AM.778: 1 strokes began 11/01/2010 9:24:28 AM
11/01/2010 9:24:28 AM.798: 1 strokes finished 11/01/2010 9:24:28 AM
11/01/2010 9:24:28 AM.798: 1 strokes began 11/01/2010 9:24:28 AM
11/01/2010 9:24:28 AM.798: 1 strokes finished 11/01/2010 9:24:28 AM
11/01/2010 9:24:28 AM.877: 1 strokes began 11/01/2010 9:24:28 AM
11/01/2010 9:24:28 AM.879: 1 strokes finished 11/01/2010 9:24:28 AM
11/01/2010 9:24:28 AM.879: 1 strokes began 11/01/2010 9:24:28 AM
11/01/2010 9:24:28 AM.879: 1 strokes finished 11/01/2010 9:24:28 AM
11/01/2010 9:24:29 AM.35: 1 strokes began 11/01/2010 9:24:29 AM
11/01/2010 9:24:29 AM.35: 1 strokes finished 11/01/2010 9:24:29 AM
11/01/2010 9:24:29 AM.36: 1 strokes began 11/01/2010 9:24:29 AM
11/01/2010 9:24:29 AM.42: 1 strokes finished 11/01/2010 9:24:29 AM
11/01/2010 9:24:29 AM.653: 1 strokes began 11/01/2010 9:24:29 AM
11/01/2010 9:24:29 AM.654: 1 strokes finished 11/01/2010 9:24:29 AM
11/01/2010 9:24:29 AM.654: 1 strokes began 11/01/2010 9:24:29 AM
11/01/2010 9:24:29 AM.654: 1 strokes finished 11/01/2010 9:24:29 AM
11/01/2010 9:24:29 AM.811: 1 strokes began 11/01/2010 9:24:29 AM
11/01/2010 9:24:29 AM.811: 1 strokes finished 11/01/2010 9:24:29 AM
11/01/2010 9:24:29 AM.811: 1 strokes began 11/01/2010 9:24:29 AM
11/01/2010 9:24:29 AM.811: 1 strokes finished 11/01/2010 9:24:29 AM
11/01/2010 9:24:30 AM.239: 1 strokes began 11/01/2010 9:24:30 AM
11/01/2010 9:24:30 AM.240: 1 strokes finished 11/01/2010 9:24:30 AM
11/01/2010 9:24:30 AM.241: 1 strokes began 11/01/2010 9:24:30 AM
11/01/2010 9:24:30 AM.241: 1 strokes finished 11/01/2010 9:24:30 AM
11/01/2010 9:24:30 AM.657: 1 strokes began 11/01/2010 9:24:30 AM
11/01/2010 9:24:30 AM.658: 1 strokes finished 11/01/2010 9:24:30 AM
11/01/2010 9:24:30 AM.659: 1 strokes began 11/01/2010 9:24:30 AM
11/01/2010 9:24:30 AM.659: 1 strokes finished 11/01/2010 9:24:30 AM
11/01/2010 9:24:31 AM.414: 1 strokes began 11/01/2010 9:24:31 AM
11/01/2010 9:24:31 AM.416: 1 strokes finished 11/01/2010 9:24:31 AM
11/01/2010 9:24:31 AM.416: 1 strokes began 11/01/2010 9:24:31 AM
11/01/2010 9:24:31 AM.416: 1 strokes finished 11/01/2010 9:24:31 AM
11/01/2010 9:24:31 AM.975: 1 strokes began 11/01/2010 9:24:31 AM
11/01/2010 9:24:31 AM.976: 1 strokes finished 11/01/2010 9:24:31 AM
11/01/2010 9:24:31 AM.976: 1 strokes began 11/01/2010 9:24:31 AM
11/01/2010 9:24:31 AM.976: 1 strokes finished 11/01/2010 9:24:31 AM
11/01/2010 9:24:32 AM.413: 1 strokes began 11/01/2010 9:24:32 AM
11/01/2010 9:24:32 AM.414: 1 strokes finished 11/01/2010 9:24:32 AM
11/01/2010 9:24:32 AM.414: 1 strokes began 11/01/2010 9:24:32 AM
11/01/2010 9:24:32 AM.414: 1 strokes finished 11/01/2010 9:24:32 AM
11/01/2010 9:24:32 AM.977: 1 strokes began 11/01/2010 9:24:32 AM
11/01/2010 9:24:32 AM.978: 1 strokes finished 11/01/2010 9:24:32 AM
11/01/2010 9:24:32 AM.978: 1 strokes began 11/01/2010 9:24:32 AM
11/01/2010 9:24:32 AM.978: 1 strokes finished 11/01/2010 9:24:32 AM
11/01/2010 9:24:33 AM.118: 1 strokes began 11/01/2010 9:24:33 AM
11/01/2010 9:24:33 AM.118: 1 strokes finished 11/01/2010 9:24:33 AM
11/01/2010 9:24:33 AM.119: 1 strokes began 11/01/2010 9:24:33 AM
11/01/2010 9:24:33 AM.119: 1 strokes finished 11/01/2010 9:24:33 AM
11/01/2010 9:24:33 AM.601: 1 strokes began 11/01/2010 9:24:33 AM
11/01/2010 9:24:33 AM.601: 1 strokes finished 11/01/2010 9:24:33 AM
11/01/2010 9:24:33 AM.601: 1 strokes began 11/01/2010 9:24:33 AM
11/01/2010 9:24:33 AM.601: 1 strokes finished 11/01/2010 9:24:33 AM
11/01/2010 9:24:34 AM.113: 1 strokes began 11/01/2010 9:24:34 AM
11/01/2010 9:24:34 AM.114: 1 strokes finished 11/01/2010 9:24:34 AM
11/01/2010 9:24:34 AM.114: 1 strokes began 11/01/2010 9:24:34 AM
11/01/2010 9:24:34 AM.114: 1 strokes finished 11/01/2010 9:24:34 AM
11/01/2010 9:24:34 AM.246: 1 strokes began 11/01/2010 9:24:34 AM
11/01/2010 9:24:34 AM.246: 1 strokes finished 11/01/2010 9:24:34 AM
11/01/2010 9:24:34 AM.246: 1 strokes began 11/01/2010 9:24:34 AM
11/01/2010 9:24:34 AM.246: 1 strokes finished 11/01/2010 9:24:34 AM
11/01/2010 9:24:40 AM.901: 1 strokes began 11/01/2010 9:24:40 AM
11/01/2010 9:24:40 AM.902: 1 strokes finished 11/01/2010 9:24:40 AM
11/01/2010 9:24:40 AM.902: 1 strokes began 11/01/2010 9:24:40 AM
11/01/2010 9:24:40 AM.902: 1 strokes finished 11/01/2010 9:24:40 AM
11/01/2010 9:24:41 AM.257: 1 strokes began 11/01/2010 9:24:41 AM
11/01/2010 9:24:41 AM.257: 1 strokes finished 11/01/2010 9:24:41 AM
11/01/2010 9:24:41 AM.258: 1 strokes began 11/01/2010 9:24:41 AM
11/01/2010 9:24:41 AM.258: 1 strokes finished 11/01/2010 9:24:41 AM
11/01/2010 9:24:41 AM.649: 1 strokes began 11/01/2010 9:24:41 AM
11/01/2010 9:24:41 AM.650: 1 strokes finished 11/01/2010 9:24:41 AM
11/01/2010 9:24:41 AM.650: 1 strokes began 11/01/2010 9:24:41 AM
11/01/2010 9:24:41 AM.650: 1 strokes finished 11/01/2010 9:24:41 AM
11/01/2010 9:24:42 AM.124: 1 strokes began 11/01/2010 9:24:42 AM
11/01/2010 9:24:42 AM.125: 1 strokes finished 11/01/2010 9:24:42 AM
11/01/2010 9:24:42 AM.125: 1 strokes began 11/01/2010 9:24:42 AM
11/01/2010 9:24:42 AM.125: 1 strokes finished 11/01/2010 9:24:42 AM
11/01/2010 9:24:42 AM.841: 1 strokes began 11/01/2010 9:24:42 AM
11/01/2010 9:24:42 AM.842: 1 strokes finished 11/01/2010 9:24:42 AM
11/01/2010 9:24:42 AM.843: 1 strokes began 11/01/2010 9:24:42 AM
11/01/2010 9:24:42 AM.843: 1 strokes finished 11/01/2010 9:24:42 AM
11/01/2010 9:24:43 AM.538: 1 strokes began 11/01/2010 9:24:43 AM
11/01/2010 9:24:43 AM.539: 1 strokes finished 11/01/2010 9:24:43 AM
11/01/2010 9:24:43 AM.540: 1 strokes began 11/01/2010 9:24:43 AM
11/01/2010 9:24:43 AM.540: 1 strokes finished 11/01/2010 9:24:43 AM
11/01/2010 9:24:43 AM.683: 1 strokes began 11/01/2010 9:24:43 AM
11/01/2010 9:24:43 AM.684: 1 strokes finished 11/01/2010 9:24:43 AM
11/01/2010 9:24:43 AM.684: 1 strokes began 11/01/2010 9:24:43 AM
11/01/2010 9:24:43 AM.684: 1 strokes finished 11/01/2010 9:24:43 AM
11/01/2010 9:24:43 AM.800: 1 strokes began 11/01/2010 9:24:43 AM
11/01/2010 9:24:43 AM.800: 1 strokes finished 11/01/2010 9:24:43 AM
11/01/2010 9:24:43 AM.800: 1 strokes began 11/01/2010 9:24:43 AM
11/01/2010 9:24:43 AM.800: 1 strokes finished 11/01/2010 9:24:43 AM
11/01/2010 9:24:47 AM.714: Exception has been thrown by the target of an invocation.
MeTL Log
11/01/2010 9:26:27 AM.406: Started MeTL
11/01/2010 9:26:38 AM.901: At -1 moving to 285401
11/01/2010 9:26:38 AM.944: Retrieving 285401: 9:26 AM
11/01/2010 9:26:38 AM.953: Retrieving 285401chagan: 9:26 AM
11/01/2010 9:26:39 AM.97: Joined conversation 285400
11/01/2010 9:26:39 AM.136: 285401chagan retrieval complete at historyProvider
11/01/2010 9:26:39 AM.217: 285401 retrieval complete at historyProvider
11/01/2010 9:26:39 AM.225: 285401 regurgitate finished 11/01/2010 9:26:39 AM
11/01/2010 9:26:39 AM.227: JabberWire retrievalComplete action invoked for 285401
11/01/2010 9:26:39 AM.234: 23 strokes began 11/01/2010 9:26:39 AM
11/01/2010 9:26:39 AM.260: 23 strokes finished 11/01/2010 9:26:39 AM
11/01/2010 9:26:50 AM.397: Exception has been thrown by the target of an invocation.
MeTL Log
11/01/2010 12:00:50 PM.354: Cannot create instance of 'SimpleConversationEditor' defined in assembly 'MeTL, Version=1.0.0.0, Culture=neutral, PublicKeyToken=null'. Exception has been thrown by the target of an invocation.  Error at object 'Divelements.SandRibbon.RibbonPopup' in markup file 'MeTL;component/components/window1.xaml' Line 67 Position 30.
11/01/2010 12:00:50 PM.417: Exception has been thrown by the target of an invocation.
MeTL Log
11/01/2010 12:03:45 PM.487: Cannot create instance of 'SimpleConversationEditor' defined in assembly 'MeTL, Version=1.0.0.0, Culture=neutral, PublicKeyToken=null'. Exception has been thrown by the target of an invocation.  Error at object 'Divelements.SandRibbon.RibbonPopup' in markup file 'MeTL;component/components/Window1.xaml' Line 67 Position 30.
11/01/2010 12:03:45 PM.539: Exception has been thrown by the target of an invocation.
MeTL Log
11/01/2010 12:07:57 PM.986: Cannot create instance of 'Window1' defined in assembly 'MeTL, Version=1.0.0.0, Culture=neutral, PublicKeyToken=null'. Exception has been thrown by the target of an invocation.  Error in markup file 'MeTL;component/components/Window1.xaml' Line 1 Position 18.
MeTL Log
11/01/2010 12:08:36 PM.922: Cannot create instance of 'Window1' defined in assembly 'MeTL, Version=1.0.0.0, Culture=neutral, PublicKeyToken=null'. Exception has been thrown by the target of an invocation.  Error in markup file 'MeTL;component/components/Window1.xaml' Line 1 Position 18.
MeTL Log
11/01/2010 12:10:22 PM.255: Cannot create instance of 'SimpleConversationEditor' defined in assembly 'MeTL, Version=1.0.0.0, Culture=neutral, PublicKeyToken=null'. Exception has been thrown by the target of an invocation.  Error at object 'Divelements.SandRibbon.RibbonPopup' in markup file 'MeTL;component/components/Window1.xaml' Line 67 Position 30.
11/01/2010 12:10:22 PM.313: Exception has been thrown by the target of an invocation.
MeTL Log
11/01/2010 12:11:41 PM.176: Cannot create instance of 'SimpleConversationEditor' defined in assembly 'MeTL, Version=1.0.0.0, Culture=neutral, PublicKeyToken=null'. Exception has been thrown by the target of an invocation.  Error at object 'Divelements.SandRibbon.RibbonPopup' in markup file 'MeTL;component/components/Window1.xaml' Line 67 Position 30.
11/01/2010 12:11:41 PM.235: Exception has been thrown by the target of an invocation.
MeTL Log
12/01/2010 9:57:04 AM.904: Started MeTL
12/01/2010 9:57:10 AM.104: Failed authentication against LDAP because Logon failure: unknown user name or bad password.

12/01/2010 9:57:31 AM.904: At -1 moving to 293401
12/01/2010 9:57:31 AM.944: Retrieving 293401: 9:57 AM
12/01/2010 9:57:31 AM.961: Retrieving 293401chagan: 9:57 AM
12/01/2010 9:57:32 AM.170: Joined conversation 293400
12/01/2010 9:57:32 AM.200: 293401chagan retrieval complete at historyProvider
12/01/2010 9:57:32 AM.407: 293401 retrieval complete at historyProvider
12/01/2010 9:57:32 AM.416: 293401 regurgitate finished 12/01/2010 9:57:32 AM
12/01/2010 9:57:32 AM.417: JabberWire retrievalComplete action invoked for 293401
12/01/2010 9:57:32 AM.424: 134 strokes began 12/01/2010 9:57:32 AM
12/01/2010 9:57:32 AM.495: 134 strokes finished 12/01/2010 9:57:32 AM
12/01/2010 9:57:39 AM.335: Retrieving 293401: 9:57 AM
12/01/2010 9:57:39 AM.336: Retrieving 293401chagan: 9:57 AM
12/01/2010 9:57:39 AM.510: 293401chagan retrieval complete at historyProvider
12/01/2010 9:57:39 AM.511: 293401 regurgitate finished 12/01/2010 9:57:39 AM
12/01/2010 9:57:39 AM.720: 293401 retrieval complete at historyProvider
12/01/2010 9:57:39 AM.721: JabberWire retrievalComplete action invoked for 293401
12/01/2010 9:57:39 AM.721: 134 strokes began 12/01/2010 9:57:39 AM
12/01/2010 9:57:39 AM.779: 134 strokes finished 12/01/2010 9:57:39 AM
12/01/2010 9:57:39 AM.780: 134 strokes began 12/01/2010 9:57:39 AM
12/01/2010 9:57:39 AM.791: 134 strokes finished 12/01/2010 9:57:39 AM
12/01/2010 10:02:47 AM.594: At 293401 moving to 294401
12/01/2010 10:02:47 AM.605: Retrieving 294401: 10:02 AM
12/01/2010 10:02:47 AM.605: Retrieving 294401chagan: 10:02 AM
12/01/2010 10:02:47 AM.669: Joined conversation 294400
12/01/2010 10:02:47 AM.686: 294401 retrieval complete at historyProvider
12/01/2010 10:02:47 AM.687: 294401chagan retrieval complete at historyProvider
12/01/2010 10:02:47 AM.687: JabberWire retrievalComplete action invoked for 294401
12/01/2010 10:02:47 AM.688: 294401 regurgitate finished 12/01/2010 10:02:47 AM
12/01/2010 10:05:13 AM.340: Retrieving 294403: 10:05 AM
12/01/2010 10:05:13 AM.341: Retrieving 294403chagan: 10:05 AM
12/01/2010 10:05:13 AM.420: At 294401 moving to 294403
12/01/2010 10:05:13 AM.424: Retrieving 294403: 10:05 AM
12/01/2010 10:05:13 AM.425: Retrieving 294403chagan: 10:05 AM
12/01/2010 10:05:13 AM.430: 294403 retrieval complete at historyProvider
12/01/2010 10:05:13 AM.430: 294403chagan retrieval complete at historyProvider
12/01/2010 10:05:13 AM.436: JabberWire retrievalComplete action invoked for 294403
12/01/2010 10:05:13 AM.436: 294403 regurgitate finished 12/01/2010 10:05:13 AM
12/01/2010 10:05:13 AM.480: 294403 retrieval complete at historyProvider
12/01/2010 10:05:13 AM.481: 294403chagan retrieval complete at historyProvider
12/01/2010 10:05:13 AM.481: JabberWire retrievalComplete action invoked for 294403
12/01/2010 10:05:13 AM.481: 294403 regurgitate finished 12/01/2010 10:05:13 AM
12/01/2010 10:05:14 AM.285: At 294403 moving to 294401
12/01/2010 10:05:14 AM.291: Retrieving 294401: 10:05 AM
12/01/2010 10:05:14 AM.291: Retrieving 294401chagan: 10:05 AM
12/01/2010 10:05:14 AM.358: 294401 retrieval complete at historyProvider
12/01/2010 10:05:14 AM.358: 294401chagan retrieval complete at historyProvider
12/01/2010 10:05:14 AM.358: JabberWire retrievalComplete action invoked for 294401
12/01/2010 10:05:14 AM.358: 21 strokes began 12/01/2010 10:05:14 AM
12/01/2010 10:05:14 AM.364: 21 strokes finished 12/01/2010 10:05:14 AM
12/01/2010 10:05:14 AM.364: 21 strokes began 12/01/2010 10:05:14 AM
12/01/2010 10:05:14 AM.364: 21 strokes finished 12/01/2010 10:05:14 AM
12/01/2010 10:05:14 AM.365: 294401 regurgitate finished 12/01/2010 10:05:14 AM
12/01/2010 10:05:24 AM.494: At 294401 moving to 294403
12/01/2010 10:05:24 AM.500: Retrieving 294403: 10:05 AM
12/01/2010 10:05:24 AM.501: Retrieving 294403chagan: 10:05 AM
12/01/2010 10:05:24 AM.543: 294403 retrieval complete at historyProvider
12/01/2010 10:05:24 AM.544: JabberWire retrievalComplete action invoked for 294403
12/01/2010 10:05:24 AM.561: 294403chagan retrieval complete at historyProvider
12/01/2010 10:05:24 AM.562: 294403 regurgitate finished 12/01/2010 10:05:24 AM
12/01/2010 10:05:25 AM.139: At 294403 moving to 294401
12/01/2010 10:05:25 AM.147: Retrieving 294401: 10:05 AM
12/01/2010 10:05:25 AM.148: Retrieving 294401chagan: 10:05 AM
12/01/2010 10:05:25 AM.240: 294401 retrieval complete at historyProvider
12/01/2010 10:05:25 AM.240: 294401chagan retrieval complete at historyProvider
12/01/2010 10:05:25 AM.242: JabberWire retrievalComplete action invoked for 294401
12/01/2010 10:05:25 AM.242: 22 strokes began 12/01/2010 10:05:25 AM
12/01/2010 10:05:25 AM.248: 22 strokes finished 12/01/2010 10:05:25 AM
12/01/2010 10:05:25 AM.248: 22 strokes began 12/01/2010 10:05:25 AM
12/01/2010 10:05:25 AM.249: 22 strokes finished 12/01/2010 10:05:25 AM
12/01/2010 10:05:25 AM.249: 294401 regurgitate finished 12/01/2010 10:05:25 AM
12/01/2010 10:05:31 AM.878: Joined conversation 294400
12/01/2010 10:05:38 AM.982: Joined conversation 294400
12/01/2010 10:05:44 AM.703: At 294401 moving to 294403
12/01/2010 10:05:44 AM.712: Retrieving 294403: 10:05 AM
12/01/2010 10:05:44 AM.713: Retrieving 294403chagan: 10:05 AM
12/01/2010 10:05:44 AM.754: 294403 retrieval complete at historyProvider
12/01/2010 10:05:44 AM.754: JabberWire retrievalComplete action invoked for 294403
12/01/2010 10:05:44 AM.765: 294403chagan retrieval complete at historyProvider
12/01/2010 10:05:44 AM.765: 294403 regurgitate finished 12/01/2010 10:05:44 AM
12/01/2010 10:05:45 AM.269: At 294403 moving to 294401
12/01/2010 10:05:45 AM.274: Retrieving 294401: 10:05 AM
12/01/2010 10:05:45 AM.275: Retrieving 294401chagan: 10:05 AM
12/01/2010 10:05:45 AM.374: 294401 retrieval complete at historyProvider
12/01/2010 10:05:45 AM.374: 294401chagan retrieval complete at historyProvider
12/01/2010 10:05:45 AM.375: JabberWire retrievalComplete action invoked for 294401
12/01/2010 10:05:45 AM.375: 38 strokes began 12/01/2010 10:05:45 AM
12/01/2010 10:05:45 AM.380: 38 strokes finished 12/01/2010 10:05:45 AM
12/01/2010 10:05:45 AM.380: 38 strokes began 12/01/2010 10:05:45 AM
12/01/2010 10:05:45 AM.381: 38 strokes finished 12/01/2010 10:05:45 AM
12/01/2010 10:05:45 AM.381: 294401 regurgitate finished 12/01/2010 10:05:45 AM
12/01/2010 10:05:58 AM.457: At 294401 moving to 294403
12/01/2010 10:05:58 AM.463: Retrieving 294403: 10:05 AM
12/01/2010 10:05:58 AM.463: Retrieving 294403chagan: 10:05 AM
12/01/2010 10:05:58 AM.543: 294403 retrieval complete at historyProvider
12/01/2010 10:05:58 AM.543: 294403chagan retrieval complete at historyProvider
12/01/2010 10:05:58 AM.545: JabberWire retrievalComplete action invoked for 294403
12/01/2010 10:05:58 AM.545: 294403 regurgitate finished 12/01/2010 10:05:58 AM
12/01/2010 10:05:59 AM.113: At 294403 moving to 294401
12/01/2010 10:05:59 AM.120: Retrieving 294401: 10:05 AM
12/01/2010 10:05:59 AM.120: Retrieving 294401chagan: 10:05 AM
12/01/2010 10:05:59 AM.171: 294401chagan retrieval complete at historyProvider
12/01/2010 10:05:59 AM.171: 294401 regurgitate finished 12/01/2010 10:05:59 AM
12/01/2010 10:05:59 AM.212: 294401 retrieval complete at historyProvider
12/01/2010 10:05:59 AM.213: JabberWire retrievalComplete action invoked for 294401
12/01/2010 10:05:59 AM.213: 38 strokes began 12/01/2010 10:05:59 AM
12/01/2010 10:05:59 AM.218: 38 strokes finished 12/01/2010 10:05:59 AM
12/01/2010 10:05:59 AM.218: 38 strokes began 12/01/2010 10:05:59 AM
12/01/2010 10:05:59 AM.218: 38 strokes finished 12/01/2010 10:05:59 AM
12/01/2010 10:07:08 AM.88: At 294401 moving to 294403
12/01/2010 10:07:08 AM.97: Retrieving 294403: 10:07 AM
12/01/2010 10:07:08 AM.98: Retrieving 294403chagan: 10:07 AM
12/01/2010 10:07:08 AM.131: 294403 retrieval complete at historyProvider
12/01/2010 10:07:08 AM.131: JabberWire retrievalComplete action invoked for 294403
12/01/2010 10:07:08 AM.153: 294403chagan retrieval complete at historyProvider
12/01/2010 10:07:08 AM.158: 294403 regurgitate finished 12/01/2010 10:07:08 AM
12/01/2010 10:08:22 AM.502: Retrieving 294403: 10:08 AM
12/01/2010 10:13:35 AM.718: Retrieving 294406: 10:13 AM
12/01/2010 10:13:35 AM.719: Retrieving 294406chagan: 10:13 AM
12/01/2010 10:13:35 AM.850: At 294403 moving to 294406
12/01/2010 10:13:35 AM.857: Retrieving 294406: 10:13 AM
12/01/2010 10:13:35 AM.857: Retrieving 294406chagan: 10:13 AM
12/01/2010 10:13:35 AM.865: 294406 retrieval complete at historyProvider
12/01/2010 10:13:35 AM.865: 294406chagan retrieval complete at historyProvider
12/01/2010 10:13:35 AM.872: JabberWire retrievalComplete action invoked for 294406
12/01/2010 10:13:35 AM.872: 294406 regurgitate finished 12/01/2010 10:13:35 AM
12/01/2010 10:13:35 AM.956: 294406 retrieval complete at historyProvider
12/01/2010 10:13:35 AM.965: JabberWire retrievalComplete action invoked for 294406
12/01/2010 10:13:35 AM.983: 294406chagan retrieval complete at historyProvider
12/01/2010 10:13:35 AM.984: 294406 regurgitate finished 12/01/2010 10:13:35 AM
12/01/2010 10:14:58 AM.575: Retrieving 294406: 10:14 AM
12/01/2010 10:20:20 AM.333: Retrieving 294406: 10:20 AM
12/01/2010 10:22:05 AM.346: Retrieving 294406: 10:22 AM
12/01/2010 10:23:58 AM.176: Retrieving 294408: 10:23 AM
12/01/2010 10:23:58 AM.176: Retrieving 294408chagan: 10:23 AM
12/01/2010 10:23:58 AM.333: At 294406 moving to 294408
12/01/2010 10:23:58 AM.342: Retrieving 294408: 10:23 AM
12/01/2010 10:23:58 AM.342: Retrieving 294408chagan: 10:23 AM
12/01/2010 10:23:58 AM.353: 294408 retrieval complete at historyProvider
12/01/2010 10:23:58 AM.353: 294408chagan retrieval complete at historyProvider
12/01/2010 10:23:58 AM.362: JabberWire retrievalComplete action invoked for 294408
12/01/2010 10:23:58 AM.363: 294408 regurgitate finished 12/01/2010 10:23:58 AM
12/01/2010 10:23:58 AM.426: 294408 retrieval complete at historyProvider
12/01/2010 10:23:58 AM.427: 294408chagan retrieval complete at historyProvider
12/01/2010 10:23:58 AM.456: JabberWire retrievalComplete action invoked for 294408
12/01/2010 10:23:58 AM.457: 294408 regurgitate finished 12/01/2010 10:23:58 AM
12/01/2010 10:31:38 AM.72: At 294408 moving to 294401
12/01/2010 10:31:38 AM.89: Retrieving 294401: 10:31 AM
12/01/2010 10:31:38 AM.90: Retrieving 294401chagan: 10:31 AM
12/01/2010 10:31:38 AM.228: 294401chagan retrieval complete at historyProvider
12/01/2010 10:31:38 AM.228: 294401 regurgitate finished 12/01/2010 10:31:38 AM
12/01/2010 10:31:38 AM.292: 294401 retrieval complete at historyProvider
12/01/2010 10:31:38 AM.292: JabberWire retrievalComplete action invoked for 294401
12/01/2010 10:31:38 AM.292: 38 strokes began 12/01/2010 10:31:38 AM
12/01/2010 10:31:38 AM.298: 38 strokes finished 12/01/2010 10:31:38 AM
12/01/2010 10:31:38 AM.298: 38 strokes began 12/01/2010 10:31:38 AM
12/01/2010 10:31:38 AM.298: 38 strokes finished 12/01/2010 10:31:38 AM
12/01/2010 10:31:38 AM.863: At 294401 moving to 293401
12/01/2010 10:31:38 AM.878: Retrieving 293401: 10:31 AM
12/01/2010 10:31:38 AM.878: Retrieving 293401chagan: 10:31 AM
12/01/2010 10:31:38 AM.988: Joined conversation 293400
12/01/2010 10:31:39 AM.0: 293401chagan retrieval complete at historyProvider
12/01/2010 10:31:39 AM.2: 293401 regurgitate finished 12/01/2010 10:31:39 AM
12/01/2010 10:31:39 AM.407: 293401 retrieval complete at historyProvider
12/01/2010 10:31:39 AM.407: JabberWire retrievalComplete action invoked for 293401
12/01/2010 10:31:39 AM.408: 221 strokes began 12/01/2010 10:31:39 AM
12/01/2010 10:31:39 AM.496: 221 strokes finished 12/01/2010 10:31:39 AM
12/01/2010 10:31:39 AM.496: 221 strokes began 12/01/2010 10:31:39 AM
12/01/2010 10:31:39 AM.510: 221 strokes finished 12/01/2010 10:31:39 AM
12/01/2010 10:34:45 AM.403: At 293401 moving to 293403
12/01/2010 10:34:45 AM.416: Retrieving 293403: 10:34 AM
12/01/2010 10:34:45 AM.417: Retrieving 293403chagan: 10:34 AM
12/01/2010 10:34:45 AM.494: 293403chagan retrieval complete at historyProvider
12/01/2010 10:34:45 AM.550: 293403 retrieval complete at historyProvider
12/01/2010 10:34:45 AM.550: 293403 regurgitate finished 12/01/2010 10:34:45 AM
12/01/2010 10:34:45 AM.551: JabberWire retrievalComplete action invoked for 293403
12/01/2010 10:49:41 AM.951: Retrieving 293405: 10:49 AM
12/01/2010 10:49:41 AM.951: Retrieving 293405chagan: 10:49 AM
12/01/2010 10:49:42 AM.366: At 293403 moving to 293405
12/01/2010 10:49:42 AM.377: Retrieving 293405: 10:49 AM
12/01/2010 10:49:42 AM.377: Retrieving 293405chagan: 10:49 AM
12/01/2010 10:49:42 AM.386: 293405 retrieval complete at historyProvider
12/01/2010 10:49:42 AM.467: 293405chagan retrieval complete at historyProvider
12/01/2010 10:49:42 AM.492: JabberWire retrievalComplete action invoked for 293405
12/01/2010 10:49:42 AM.493: 293405 retrieval complete at historyProvider
12/01/2010 10:49:42 AM.494: 293405chagan retrieval complete at historyProvider
12/01/2010 10:49:42 AM.495: 293405 regurgitate finished 12/01/2010 10:49:42 AM
12/01/2010 10:49:42 AM.495: JabberWire retrievalComplete action invoked for 293405
12/01/2010 10:49:42 AM.496: 293405 regurgitate finished 12/01/2010 10:49:42 AM
12/01/2010 10:50:14 AM.299: Exception has been thrown by the target of an invocation.
MeTL Log
12/01/2010 11:39:47 AM.552: Started MeTL
12/01/2010 11:39:50 AM.46: Failed authentication against LDAP because Logon failure: unknown user name or bad password.

12/01/2010 11:39:55 AM.600: At -1 moving to 295401
12/01/2010 11:39:55 AM.638: Retrieving 295401: 11:39 AM
12/01/2010 11:39:55 AM.647: Retrieving 295401chagan: 11:39 AM
12/01/2010 11:39:55 AM.970: Joined conversation 295400
12/01/2010 11:39:56 AM.5: 295401chagan retrieval complete at historyProvider
12/01/2010 11:39:56 AM.51: 295401 retrieval complete at historyProvider
12/01/2010 11:39:56 AM.61: 295401 regurgitate finished 12/01/2010 11:39:56 AM
12/01/2010 11:39:56 AM.62: JabberWire retrievalComplete action invoked for 295401
12/01/2010 11:39:56 AM.71: 22 strokes began 12/01/2010 11:39:56 AM
12/01/2010 11:39:56 AM.91: 22 strokes finished 12/01/2010 11:39:56 AM
12/01/2010 11:41:04 AM.111: At 295401 moving to 295406
12/01/2010 11:41:04 AM.119: Retrieving 295406: 11:41 AM
12/01/2010 11:41:04 AM.121: Retrieving 295406chagan: 11:41 AM
12/01/2010 11:41:04 AM.157: 295406 retrieval complete at historyProvider
12/01/2010 11:41:04 AM.158: JabberWire retrievalComplete action invoked for 295406
12/01/2010 11:41:04 AM.220: 295406chagan retrieval complete at historyProvider
12/01/2010 11:41:04 AM.226: 295406 regurgitate finished 12/01/2010 11:41:04 AM
12/01/2010 11:41:19 AM.653: At 295406 moving to 295403
12/01/2010 11:41:19 AM.663: Retrieving 295403: 11:41 AM
12/01/2010 11:41:19 AM.663: Retrieving 295403chagan: 11:41 AM
12/01/2010 11:41:19 AM.759: 295403 retrieval complete at historyProvider
12/01/2010 11:41:19 AM.759: JabberWire retrievalComplete action invoked for 295403
12/01/2010 11:41:19 AM.800: 295403chagan retrieval complete at historyProvider
12/01/2010 11:41:19 AM.800: 295403 regurgitate finished 12/01/2010 11:41:19 AM
12/01/2010 11:41:20 AM.353: At 295403 moving to 295406
12/01/2010 11:41:20 AM.359: Retrieving 295406: 11:41 AM
12/01/2010 11:41:20 AM.360: Retrieving 295406chagan: 11:41 AM
12/01/2010 11:41:20 AM.428: 295406 retrieval complete at historyProvider
12/01/2010 11:41:20 AM.428: JabberWire retrievalComplete action invoked for 295406
12/01/2010 11:41:20 AM.428: 3 strokes began 12/01/2010 11:41:20 AM
12/01/2010 11:41:20 AM.428: 3 strokes finished 12/01/2010 11:41:20 AM
12/01/2010 11:41:20 AM.445: 295406chagan retrieval complete at historyProvider
12/01/2010 11:41:20 AM.445: 295406 regurgitate finished 12/01/2010 11:41:20 AM
12/01/2010 11:41:21 AM.686: At 295406 moving to 295403
12/01/2010 11:41:21 AM.693: Retrieving 295403: 11:41 AM
12/01/2010 11:41:21 AM.694: Retrieving 295403chagan: 11:41 AM
12/01/2010 11:41:21 AM.735: 295403 retrieval complete at historyProvider
12/01/2010 11:41:21 AM.735: JabberWire retrievalComplete action invoked for 295403
12/01/2010 11:41:21 AM.745: 295403chagan retrieval complete at historyProvider
12/01/2010 11:41:21 AM.745: 295403 regurgitate finished 12/01/2010 11:41:21 AM
12/01/2010 11:41:22 AM.561: At 295403 moving to 295406
12/01/2010 11:41:22 AM.572: Retrieving 295406: 11:41 AM
12/01/2010 11:41:22 AM.572: Retrieving 295406chagan: 11:41 AM
12/01/2010 11:41:22 AM.659: 295406chagan retrieval complete at historyProvider
12/01/2010 11:41:22 AM.659: 295406 regurgitate finished 12/01/2010 11:41:22 AM
12/01/2010 11:41:22 AM.669: 295406 retrieval complete at historyProvider
12/01/2010 11:41:22 AM.669: JabberWire retrievalComplete action invoked for 295406
12/01/2010 11:41:22 AM.669: 3 strokes began 12/01/2010 11:41:22 AM
12/01/2010 11:41:22 AM.669: 3 strokes finished 12/01/2010 11:41:22 AM
12/01/2010 11:41:23 AM.76: At 295406 moving to 295401
12/01/2010 11:41:23 AM.83: Retrieving 295401: 11:41 AM
12/01/2010 11:41:23 AM.93: Retrieving 295401chagan: 11:41 AM
12/01/2010 11:41:23 AM.182: 295401 retrieval complete at historyProvider
12/01/2010 11:41:23 AM.183: 295401chagan retrieval complete at historyProvider
12/01/2010 11:41:23 AM.183: JabberWire retrievalComplete action invoked for 295401
12/01/2010 11:41:23 AM.183: 22 strokes began 12/01/2010 11:41:23 AM
12/01/2010 11:41:23 AM.183: 22 strokes finished 12/01/2010 11:41:23 AM
12/01/2010 11:41:23 AM.186: 295401 regurgitate finished 12/01/2010 11:41:23 AM
12/01/2010 11:41:23 AM.858: At 295401 moving to 295406
12/01/2010 11:41:23 AM.865: Retrieving 295406: 11:41 AM
12/01/2010 11:41:23 AM.865: Retrieving 295406chagan: 11:41 AM
12/01/2010 11:41:23 AM.943: 295406 retrieval complete at historyProvider
12/01/2010 11:41:23 AM.945: 295406chagan retrieval complete at historyProvider
12/01/2010 11:41:23 AM.945: JabberWire retrievalComplete action invoked for 295406
12/01/2010 11:41:23 AM.945: 3 strokes began 12/01/2010 11:41:23 AM
12/01/2010 11:41:23 AM.945: 3 strokes finished 12/01/2010 11:41:23 AM
12/01/2010 11:41:23 AM.947: 295406 regurgitate finished 12/01/2010 11:41:23 AM
12/01/2010 11:41:27 AM.323: Retrieving 295406: 11:41 AM
12/01/2010 11:41:27 AM.602: 295406 retrieval complete at historyProvider
12/01/2010 11:41:41 AM.890: Retrieving 295406: 11:41 AM
12/01/2010 11:41:41 AM.950: 295406 retrieval complete at historyProvider
12/01/2010 11:41:48 AM.941: Retrieving 295406: 11:41 AM
12/01/2010 11:41:48 AM.990: 295406 retrieval complete at historyProvider
12/01/2010 11:41:55 AM.703: Retrieving 295406: 11:41 AM
12/01/2010 11:41:55 AM.740: 295406 retrieval complete at historyProvider
12/01/2010 11:42:00 AM.973: Retrieving 295406: 11:42 AM
12/01/2010 11:42:01 AM.15: 295406 retrieval complete at historyProvider
12/01/2010 11:42:07 AM.465: Retrieving 295406: 11:42 AM
12/01/2010 11:42:07 AM.548: 295406 retrieval complete at historyProvider
12/01/2010 11:42:15 AM.170: Retrieving 295406: 11:42 AM
12/01/2010 11:42:15 AM.210: 295406 retrieval complete at historyProvider
12/01/2010 11:42:25 AM.49: Retrieving 295406: 11:42 AM
12/01/2010 11:42:25 AM.98: 295406 retrieval complete at historyProvider
12/01/2010 11:42:43 AM.289: Retrieving 295406: 11:42 AM
12/01/2010 11:42:43 AM.393: 295406 retrieval complete at historyProvider
12/01/2010 11:42:44 AM.716: At 295406 moving to 295403
12/01/2010 11:42:44 AM.723: Retrieving 295403: 11:42 AM
12/01/2010 11:42:44 AM.723: Retrieving 295403chagan: 11:42 AM
12/01/2010 11:42:46 AM.864: At 295403 moving to 295406
12/01/2010 11:42:46 AM.877: Retrieving 295406: 11:42 AM
12/01/2010 11:42:46 AM.877: Retrieving 295406chagan: 11:42 AM
12/01/2010 11:42:50 AM.466: 295403 retrieval complete at historyProvider
12/01/2010 11:42:50 AM.467: JabberWire retrievalComplete action invoked for 295406
12/01/2010 11:42:50 AM.505: Exception has been thrown by the target of an invocation.
12/01/2010 11:42:50 AM.569: 295403chagan retrieval complete at historyProvider
12/01/2010 11:42:50 AM.569: 295403 regurgitate finished 12/01/2010 11:42:50 AM
12/01/2010 11:42:50 AM.853: 295406 retrieval complete at historyProvider
12/01/2010 11:42:50 AM.853: JabberWire retrievalComplete action invoked for 295406
12/01/2010 11:42:50 AM.853: 4 strokes began 12/01/2010 11:42:50 AM
12/01/2010 11:42:50 AM.854: 4 strokes finished 12/01/2010 11:42:50 AM
12/01/2010 11:42:50 AM.899: Exception has been thrown by the target of an invocation.
12/01/2010 11:42:50 AM.910: 295406chagan retrieval complete at historyProvider
12/01/2010 11:42:50 AM.910: 295406 regurgitate finished 12/01/2010 11:42:50 AM
MeTL Log
12/01/2010 3:47:49 PM.270: Started MeTL
12/01/2010 3:49:59 PM.284: At -1 moving to 1001
12/01/2010 3:49:59 PM.326: Retrieving 1001: 3:49 PM
12/01/2010 3:49:59 PM.334: Retrieving 1001chagan: 3:49 PM
12/01/2010 3:49:59 PM.535: Joined conversation 1000
12/01/2010 3:49:59 PM.557: 1001 retrieval complete at historyProvider
12/01/2010 3:49:59 PM.559: JabberWire retrievalComplete action invoked for 1001
12/01/2010 3:49:59 PM.567: 1001chagan retrieval complete at historyProvider
12/01/2010 3:49:59 PM.572: 1001 regurgitate finished 12/01/2010 3:49:59 PM
12/01/2010 3:50:01 PM.41: At 1001 moving to 1002
12/01/2010 3:50:01 PM.47: Retrieving 1002: 3:50 PM
12/01/2010 3:50:01 PM.47: Retrieving 1002chagan: 3:50 PM
12/01/2010 3:50:01 PM.100: 1002 retrieval complete at historyProvider
12/01/2010 3:50:01 PM.100: JabberWire retrievalComplete action invoked for 1002
12/01/2010 3:50:01 PM.150: 1002chagan retrieval complete at historyProvider
12/01/2010 3:50:01 PM.151: 1002 regurgitate finished 12/01/2010 3:50:01 PM
12/01/2010 3:50:53 PM.969: Value cannot be null.
Parameter name: propertyData
MeTL Log
12/01/2010 3:51:46 PM.324: Started MeTL
12/01/2010 3:51:58 PM.389: At -1 moving to 1001
12/01/2010 3:51:58 PM.435: Retrieving 1001: 3:51 PM
12/01/2010 3:51:58 PM.444: Retrieving 1001chagan: 3:51 PM
12/01/2010 3:51:58 PM.686: Joined conversation 1000
12/01/2010 3:51:58 PM.953: 1001chagan retrieval complete at historyProvider
12/01/2010 3:51:59 PM.100: 1001 regurgitate finished 12/01/2010 3:51:59 PM
12/01/2010 3:52:10 PM.824: 1001 retrieval complete at historyProvider
12/01/2010 3:52:11 PM.349: JabberWire retrievalComplete action invoked for 1001
12/01/2010 3:52:11 PM.351: 3747 strokes began 12/01/2010 3:52:11 PM
12/01/2010 3:52:15 PM.888: 3747 strokes finished 12/01/2010 3:52:15 PM
12/01/2010 3:52:27 PM.188: At 1001 moving to 1012
12/01/2010 3:52:27 PM.758: Retrieving 1012: 3:52 PM
12/01/2010 3:52:27 PM.760: Retrieving 1012chagan: 3:52 PM
12/01/2010 3:52:27 PM.829: 1012chagan retrieval complete at historyProvider
12/01/2010 3:52:27 PM.830: 1012 retrieval complete at historyProvider
12/01/2010 3:52:27 PM.830: 1012 regurgitate finished 12/01/2010 3:52:27 PM
12/01/2010 3:52:27 PM.830: JabberWire retrievalComplete action invoked for 1012
12/01/2010 3:52:28 PM.671: At 1012 moving to 1002
12/01/2010 3:52:28 PM.676: Retrieving 1002: 3:52 PM
12/01/2010 3:52:28 PM.676: Retrieving 1002chagan: 3:52 PM
12/01/2010 3:52:28 PM.721: 1002 retrieval complete at historyProvider
12/01/2010 3:52:28 PM.723: JabberWire retrievalComplete action invoked for 1002
12/01/2010 3:52:28 PM.737: 1002chagan retrieval complete at historyProvider
12/01/2010 3:52:28 PM.737: 1002 regurgitate finished 12/01/2010 3:52:28 PM
12/01/2010 3:52:42 PM.915: Value cannot be null.
Parameter name: propertyData
MeTL Log
12/01/2010 3:53:05 PM.717: Started MeTL
12/01/2010 3:53:15 PM.559: At -1 moving to 1001
12/01/2010 3:53:15 PM.608: Retrieving 1001: 3:53 PM
12/01/2010 3:53:15 PM.616: Retrieving 1001chagan: 3:53 PM
12/01/2010 3:53:15 PM.798: Joined conversation 1000
12/01/2010 3:53:15 PM.831: 1001 retrieval complete at historyProvider
12/01/2010 3:53:15 PM.831: 1001chagan retrieval complete at historyProvider
12/01/2010 3:53:15 PM.833: JabberWire retrievalComplete action invoked for 1001
12/01/2010 3:53:15 PM.847: 1001 regurgitate finished 12/01/2010 3:53:15 PM
12/01/2010 3:53:18 PM.341: At 1001 moving to 1002
12/01/2010 3:53:18 PM.347: Retrieving 1002: 3:53 PM
12/01/2010 3:53:18 PM.348: Retrieving 1002chagan: 3:53 PM
12/01/2010 3:53:18 PM.397: 1002 retrieval complete at historyProvider
12/01/2010 3:53:18 PM.399: JabberWire retrievalComplete action invoked for 1002
12/01/2010 3:53:18 PM.431: 1002chagan retrieval complete at historyProvider
12/01/2010 3:53:18 PM.431: 1002 regurgitate finished 12/01/2010 3:53:18 PM
12/01/2010 3:54:03 PM.831: At 1002 moving to 1005
12/01/2010 3:54:03 PM.884: Retrieving 1005: 3:54 PM
12/01/2010 3:54:03 PM.885: Retrieving 1005chagan: 3:54 PM
12/01/2010 3:54:03 PM.948: 1005 retrieval complete at historyProvider
12/01/2010 3:54:03 PM.949: JabberWire retrievalComplete action invoked for 1005
12/01/2010 3:54:03 PM.972: 1005chagan retrieval complete at historyProvider
12/01/2010 3:54:03 PM.972: 1005 regurgitate finished 12/01/2010 3:54:03 PM
12/01/2010 3:54:05 PM.132: At 1005 moving to 1002
12/01/2010 3:54:05 PM.137: Retrieving 1002: 3:54 PM
12/01/2010 3:54:05 PM.137: Retrieving 1002chagan: 3:54 PM
12/01/2010 3:54:05 PM.239: 1002chagan retrieval complete at historyProvider
12/01/2010 3:54:05 PM.239: 1002 regurgitate finished 12/01/2010 3:54:05 PM
12/01/2010 3:54:10 PM.369: 1002 retrieval complete at historyProvider
12/01/2010 3:54:11 PM.200: JabberWire retrievalComplete action invoked for 1002
12/01/2010 3:54:11 PM.200: 1525 strokes began 12/01/2010 3:54:11 PM
12/01/2010 3:54:12 PM.555: 1525 strokes finished 12/01/2010 3:54:12 PM
12/01/2010 3:54:19 PM.913: At 1002 moving to 1001
12/01/2010 3:54:19 PM.983: Retrieving 1001: 3:54 PM
12/01/2010 3:54:19 PM.983: Retrieving 1001chagan: 3:54 PM
12/01/2010 3:54:20 PM.81: 1001chagan retrieval complete at historyProvider
12/01/2010 3:54:20 PM.81: 1001 regurgitate finished 12/01/2010 3:54:20 PM
12/01/2010 3:54:22 PM.791: 1001 retrieval complete at historyProvider
12/01/2010 3:54:22 PM.792: JabberWire retrievalComplete action invoked for 1001
12/01/2010 3:54:22 PM.792: 960 strokes began 12/01/2010 3:54:22 PM
12/01/2010 3:54:23 PM.754: 960 strokes finished 12/01/2010 3:54:23 PM
12/01/2010 3:54:27 PM.48: At 1001 moving to 1002
12/01/2010 3:54:27 PM.81: Retrieving 1002: 3:54 PM
12/01/2010 3:54:27 PM.81: Retrieving 1002chagan: 3:54 PM
12/01/2010 3:54:27 PM.243: 1002chagan retrieval complete at historyProvider
12/01/2010 3:54:27 PM.243: 1002 regurgitate finished 12/01/2010 3:54:27 PM
12/01/2010 3:54:34 PM.710: 1002 retrieval complete at historyProvider
12/01/2010 3:54:34 PM.710: JabberWire retrievalComplete action invoked for 1002
12/01/2010 3:54:34 PM.710: 2640 strokes began 12/01/2010 3:54:34 PM
12/01/2010 3:54:37 PM.563: 2640 strokes finished 12/01/2010 3:54:37 PM
12/01/2010 3:54:46 PM.14: At 1002 moving to 1001
12/01/2010 3:54:46 PM.235: Retrieving 1001: 3:54 PM
12/01/2010 3:54:46 PM.237: Retrieving 1001chagan: 3:54 PM
12/01/2010 3:54:46 PM.314: 1001chagan retrieval complete at historyProvider
12/01/2010 3:54:46 PM.315: 1001 regurgitate finished 12/01/2010 3:54:46 PM
12/01/2010 3:54:49 PM.14: 1001 retrieval complete at historyProvider
12/01/2010 3:54:49 PM.14: JabberWire retrievalComplete action invoked for 1001
12/01/2010 3:54:49 PM.14: 960 strokes began 12/01/2010 3:54:49 PM
12/01/2010 3:54:49 PM.968: 960 strokes finished 12/01/2010 3:54:49 PM
12/01/2010 3:56:09 PM.221: At 1001 moving to 1012
12/01/2010 3:56:09 PM.254: Retrieving 1012: 3:56 PM
12/01/2010 3:56:09 PM.255: Retrieving 1012chagan: 3:56 PM
12/01/2010 3:56:09 PM.327: 1012 retrieval complete at historyProvider
12/01/2010 3:56:09 PM.328: JabberWire retrievalComplete action invoked for 1012
12/01/2010 3:56:09 PM.343: 1012chagan retrieval complete at historyProvider
12/01/2010 3:56:09 PM.343: 1012 regurgitate finished 12/01/2010 3:56:09 PM
12/01/2010 3:56:10 PM.399: At 1012 moving to 1002
12/01/2010 3:56:10 PM.405: Retrieving 1002: 3:56 PM
12/01/2010 3:56:10 PM.406: Retrieving 1002chagan: 3:56 PM
12/01/2010 3:56:10 PM.512: 1002 retrieval complete at historyProvider
12/01/2010 3:56:10 PM.513: JabberWire retrievalComplete action invoked for 1002
12/01/2010 3:56:10 PM.515: 1002chagan retrieval complete at historyProvider
12/01/2010 3:56:10 PM.516: 1002 regurgitate finished 12/01/2010 3:56:10 PM
12/01/2010 3:56:55 PM.665: At 1002 moving to 1005
12/01/2010 3:56:55 PM.732: Retrieving 1005: 3:56 PM
12/01/2010 3:56:55 PM.733: Retrieving 1005chagan: 3:56 PM
12/01/2010 3:56:56 PM.596: At 1005 moving to 1002
12/01/2010 3:56:56 PM.601: Retrieving 1002: 3:56 PM
12/01/2010 3:56:56 PM.601: Retrieving 1002chagan: 3:56 PM
12/01/2010 3:56:57 PM.200: 1005 retrieval complete at historyProvider
12/01/2010 3:56:57 PM.200: JabberWire retrievalComplete action invoked for 1002
12/01/2010 3:56:57 PM.212: 1005chagan retrieval complete at historyProvider
12/01/2010 3:56:57 PM.212: 1005 regurgitate finished 12/01/2010 3:56:57 PM
12/01/2010 3:56:57 PM.231: 1002chagan retrieval complete at historyProvider
12/01/2010 3:56:57 PM.232: 1002 regurgitate finished 12/01/2010 3:56:57 PM
12/01/2010 3:57:03 PM.751: 1002 retrieval complete at historyProvider
12/01/2010 3:57:03 PM.751: JabberWire retrievalComplete action invoked for 1002
12/01/2010 3:57:03 PM.751: 2220 strokes began 12/01/2010 3:57:03 PM
12/01/2010 3:57:06 PM.167: 2220 strokes finished 12/01/2010 3:57:06 PM
12/01/2010 3:57:40 PM.355: At 1002 moving to 1005
12/01/2010 3:57:40 PM.489: Retrieving 1005: 3:57 PM
12/01/2010 3:57:40 PM.519: Retrieving 1005chagan: 3:57 PM
12/01/2010 3:57:40 PM.577: 1005 retrieval complete at historyProvider
12/01/2010 3:57:40 PM.578: 1005chagan retrieval complete at historyProvider
12/01/2010 3:57:40 PM.578: JabberWire retrievalComplete action invoked for 1005
12/01/2010 3:57:40 PM.578: 1005 regurgitate finished 12/01/2010 3:57:40 PM
12/01/2010 3:57:42 PM.25: At 1005 moving to 1002
12/01/2010 3:57:42 PM.31: Retrieving 1002: 3:57 PM
12/01/2010 3:57:42 PM.32: Retrieving 1002chagan: 3:57 PM
12/01/2010 3:57:42 PM.96: 1002chagan retrieval complete at historyProvider
12/01/2010 3:57:42 PM.96: 1002 regurgitate finished 12/01/2010 3:57:42 PM
12/01/2010 3:57:48 PM.428: 1002 retrieval complete at historyProvider
12/01/2010 3:57:48 PM.428: JabberWire retrievalComplete action invoked for 1002
12/01/2010 3:57:48 PM.428: 2220 strokes began 12/01/2010 3:57:48 PM
12/01/2010 3:57:50 PM.730: 2220 strokes finished 12/01/2010 3:57:50 PM
12/01/2010 3:57:54 PM.261: At 1002 moving to 1005
12/01/2010 3:57:54 PM.392: Retrieving 1005: 3:57 PM
12/01/2010 3:57:54 PM.393: Retrieving 1005chagan: 3:57 PM
12/01/2010 3:57:54 PM.477: 1005chagan retrieval complete at historyProvider
12/01/2010 3:57:54 PM.477: 1005 regurgitate finished 12/01/2010 3:57:54 PM
12/01/2010 3:57:54 PM.488: 1005 retrieval complete at historyProvider
12/01/2010 3:57:54 PM.488: JabberWire retrievalComplete action invoked for 1005
12/01/2010 4:00:27 PM.647: At 1005 moving to 1002
12/01/2010 4:00:27 PM.652: Retrieving 1002: 4:00 PM
12/01/2010 4:00:27 PM.653: Retrieving 1002chagan: 4:00 PM
12/01/2010 4:00:27 PM.724: 1002chagan retrieval complete at historyProvider
12/01/2010 4:00:27 PM.730: 1002 regurgitate finished 12/01/2010 4:00:27 PM
12/01/2010 4:00:27 PM.766: 1002 retrieval complete at historyProvider
12/01/2010 4:00:27 PM.766: JabberWire retrievalComplete action invoked for 1002
12/01/2010 4:02:29 PM.292: At 1002 moving to 1003
12/01/2010 4:02:29 PM.723: Retrieving 1003: 4:02 PM
12/01/2010 4:02:29 PM.724: Retrieving 1003chagan: 4:02 PM
12/01/2010 4:02:29 PM.783: 1003chagan retrieval complete at historyProvider
12/01/2010 4:02:29 PM.784: 1003 retrieval complete at historyProvider
12/01/2010 4:02:29 PM.784: 1003 regurgitate finished 12/01/2010 4:02:29 PM
12/01/2010 4:02:29 PM.785: JabberWire retrievalComplete action invoked for 1003
12/01/2010 4:02:30 PM.913: At 1003 moving to 1002
12/01/2010 4:02:30 PM.918: Retrieving 1002: 4:02 PM
12/01/2010 4:02:30 PM.919: Retrieving 1002chagan: 4:02 PM
12/01/2010 4:02:30 PM.984: 1002chagan retrieval complete at historyProvider
12/01/2010 4:02:30 PM.984: 1002 regurgitate finished 12/01/2010 4:02:30 PM
12/01/2010 4:02:51 PM.252: 1002 retrieval complete at historyProvider
12/01/2010 4:02:51 PM.252: JabberWire retrievalComplete action invoked for 1002
12/01/2010 4:02:51 PM.252: 6720 strokes began 12/01/2010 4:02:51 PM
12/01/2010 4:02:59 PM.31: 6720 strokes finished 12/01/2010 4:02:59 PM
12/01/2010 4:03:27 PM.650: At 1002 moving to 1005
12/01/2010 4:03:28 PM.820: Retrieving 1005: 4:03 PM
12/01/2010 4:03:28 PM.822: Retrieving 1005chagan: 4:03 PM
12/01/2010 4:03:28 PM.910: 1005 retrieval complete at historyProvider
12/01/2010 4:03:28 PM.911: 1005chagan retrieval complete at historyProvider
12/01/2010 4:03:28 PM.912: JabberWire retrievalComplete action invoked for 1005
12/01/2010 4:03:28 PM.912: 1005 regurgitate finished 12/01/2010 4:03:28 PM
12/01/2010 4:04:24 PM.131: At 1005 moving to 1002
12/01/2010 4:04:24 PM.138: Retrieving 1002: 4:04 PM
12/01/2010 4:04:24 PM.139: Retrieving 1002chagan: 4:04 PM
12/01/2010 4:04:24 PM.209: 1002chagan retrieval complete at historyProvider
12/01/2010 4:04:24 PM.209: 1002 regurgitate finished 12/01/2010 4:04:24 PM
12/01/2010 4:04:24 PM.222: 1002 retrieval complete at historyProvider
12/01/2010 4:04:24 PM.223: JabberWire retrievalComplete action invoked for 1002
12/01/2010 4:25:53 PM.588: At 1002 moving to 1005
12/01/2010 4:27:53 PM.33: Retrieving 1005: 4:27 PM
12/01/2010 4:27:53 PM.33: Retrieving 1005chagan: 4:27 PM
12/01/2010 4:27:55 PM.428: 1005 retrieval complete at historyProvider
12/01/2010 4:27:55 PM.429: 1005chagan retrieval complete at historyProvider
12/01/2010 4:27:55 PM.429: JabberWire retrievalComplete action invoked for 1005
12/01/2010 4:27:55 PM.429: 1005 regurgitate finished 12/01/2010 4:27:55 PM
12/01/2010 4:29:44 PM.571: At 1005 moving to 1012
12/01/2010 4:29:44 PM.591: Retrieving 1012: 4:29 PM
12/01/2010 4:29:44 PM.592: Retrieving 1012chagan: 4:29 PM
12/01/2010 4:29:44 PM.800: 1012chagan retrieval complete at historyProvider
12/01/2010 4:29:44 PM.800: 1012 regurgitate finished 12/01/2010 4:29:44 PM
12/01/2010 4:29:44 PM.823: 1012 retrieval complete at historyProvider
12/01/2010 4:29:44 PM.823: JabberWire retrievalComplete action invoked for 1012
12/01/2010 4:30:07 PM.965: At 1012 moving to 1002
12/01/2010 4:30:07 PM.973: Retrieving 1002: 4:30 PM
12/01/2010 4:30:07 PM.973: Retrieving 1002chagan: 4:30 PM
12/01/2010 4:30:08 PM.58: 1002chagan retrieval complete at historyProvider
12/01/2010 4:30:08 PM.59: 1002 regurgitate finished 12/01/2010 4:30:08 PM
12/01/2010 4:30:15 PM.424: 1002 retrieval complete at historyProvider
12/01/2010 4:30:15 PM.424: JabberWire retrievalComplete action invoked for 1002
12/01/2010 4:31:56 PM.293: At 1002 moving to 1005
12/01/2010 4:31:56 PM.301: Retrieving 1005: 4:31 PM
12/01/2010 4:31:56 PM.303: Retrieving 1005chagan: 4:31 PM
12/01/2010 4:31:56 PM.373: 1005chagan retrieval complete at historyProvider
12/01/2010 4:31:56 PM.373: 1005 regurgitate finished 12/01/2010 4:31:56 PM
12/01/2010 4:31:56 PM.393: 1005 retrieval complete at historyProvider
12/01/2010 4:31:56 PM.393: JabberWire retrievalComplete action invoked for 1005
12/01/2010 4:32:00 PM.425: Value cannot be null.
Parameter name: propertyData
MeTL Log
13/01/2010 4:00:15 PM.292: Started MeTL
13/01/2010 4:00:18 PM.626: Beginning conversations fetch
13/01/2010 4:00:27 PM.461: Finished conversations fetch
13/01/2010 4:00:35 PM.811: At -1 moving to 282401
13/01/2010 4:00:35 PM.859: Retrieving 282401: 4:00 PM
13/01/2010 4:00:35 PM.869: Retrieving 282401chagan: 4:00 PM
13/01/2010 4:00:35 PM.931: Joined conversation 282400
13/01/2010 4:00:36 PM.566: 282401 retrieval complete at historyProvider
13/01/2010 4:00:36 PM.566: 282401chagan retrieval complete at historyProvider
13/01/2010 4:00:36 PM.567: JabberWire retrievalComplete action invoked for 282401
13/01/2010 4:00:36 PM.579: 2 strokes began 13/01/2010 4:00:36 PM
13/01/2010 4:00:36 PM.602: 2 strokes finished 13/01/2010 4:00:36 PM
13/01/2010 4:00:36 PM.655: Textbox received
13/01/2010 4:00:36 PM.660: 282401 regurgitate finished 13/01/2010 4:00:36 PM
13/01/2010 4:00:52 PM.137: Operation is not valid due to the current state of the object.
