MeTL Log
6:22 PM: Started MeTL
6:23 PM: At -1 moving to 76401
6:23 PM: Joined conversation 76400
6:23 PM: At 76401 moving to 76402
6:23 PM: At 76402 moving to 76404
6:23 PM: At 76404 moving to 76402
6:23 PM: At 76402 moving to 76404
6:23 PM: At 76404 moving to 76402
6:24 PM: Exception has been thrown by the target of an invocation.
MeTL Log
6:22 PM: Started MeTL
6:23 PM: At -1 moving to 76401
6:23 PM: Joined conversation 76400
6:23 PM: At 76401 moving to 76402
6:23 PM: At 76402 moving to 76404
6:23 PM: At 76404 moving to 76402
6:23 PM: At 76402 moving to 76404
6:23 PM: At 76404 moving to 76402
6:24 PM: Exception has been thrown by the target of an invocation.
6:24 PM: Exception has been thrown by the target of an invocation.
MeTL Log
6:22 PM: Started MeTL
6:23 PM: At -1 moving to 76401
6:23 PM: Joined conversation 76400
6:23 PM: At 76401 moving to 76402
6:23 PM: At 76402 moving to 76404
6:23 PM: At 76404 moving to 76402
6:23 PM: At 76402 moving to 76404
6:23 PM: At 76404 moving to 76402
6:24 PM: Exception has been thrown by the target of an invocation.
6:24 PM: Exception has been thrown by the target of an invocation.
6:24 PM: Exception has been thrown by the target of an invocation.
MeTL Log
3:52 PM: Started MeTL
3:52 PM: Exception has been thrown by the target of an invocation.
MeTL Log
3:53 PM: Started MeTL
3:53 PM: Exception has been thrown by the target of an invocation.
MeTL Log
6:10 PM: Started MeTL
6:10 PM: At -1 moving to 71401
6:10 PM: Joined conversation 71400
6:10 PM: At 71401 moving to 71474
6:11 PM: An unspecified error occurred on the render thread.
MeTL Log
9:07 PM: Started MeTL
9:07 PM: At -1 moving to 71401
9:07 PM: Joined conversation 71400
9:07 PM: At 71401 moving to 71474
9:07 PM: Exception has been thrown by the target of an invocation.
MeTL Log
10:07 AM: Started MeTL
10:07 AM: At -1 moving to 79401
10:07 AM: Joined conversation 79400
10:07 AM: At 79401 moving to 79402
10:07 AM: Exception has been thrown by the target of an invocation.
MeTL Log
10:08 AM: Started MeTL
10:08 AM: At -1 moving to 79401
10:08 AM: Joined conversation 79400
10:09 AM: At 79401 moving to 79402
10:09 AM: Exception has been thrown by the target of an invocation.
MeTL Log
11:59 AM: Started MeTL
11:59 AM: At -1 moving to 100401
11:59 AM: Joined conversation 100400
11:59 AM: At 100401 moving to 100402
11:59 AM: At 100402 moving to 100403
12:00 PM: At 100403 moving to 100402
12:00 PM: At 100402 moving to 100404
12:00 PM: At 100404 moving to 100403
12:00 PM: Exception has been thrown by the target of an invocation.
MeTL Log
2:43 PM: Started MeTL
2:43 PM: At -1 moving to 100401
2:43 PM: Joined conversation 100400
2:44 PM: Exception has been thrown by the target of an invocation.
MeTL Log
2:43 PM: Started MeTL
2:43 PM: At -1 moving to 100401
2:43 PM: Joined conversation 100400
2:44 PM: Exception has been thrown by the target of an invocation.
2:44 PM: Exception has been thrown by the target of an invocation.
MeTL Log
3:14 PM: Started MeTL
3:15 PM: At -1 moving to 100401
3:15 PM: Joined conversation 100400
3:15 PM: At 100401 moving to 100402
3:15 PM: At 100402 moving to 100403
3:15 PM: Exception has been thrown by the target of an invocation.
MeTL Log
11:40 AM: Started MeTL
11:42 AM: Object reference not set to an instance of an object.
MeTL Log
10:40 AM: Started MeTL
10:40 AM: At -1 moving to 217401
10:40 AM: Joined conversation 217400
10:40 AM: At 217401 moving to 209401
10:40 AM: Exception has been thrown by the target of an invocation.
MeTL Log
10:40 AM: Started MeTL
10:40 AM: At -1 moving to 217401
10:40 AM: Joined conversation 217400
10:40 AM: At 217401 moving to 209401
10:40 AM: Exception has been thrown by the target of an invocation.
10:40 AM: Exception has been thrown by the target of an invocation.
MeTL Log
10:18 AM: Started MeTL
10:19 AM: At -1 moving to 218401
10:19 AM: Joined conversation 218400
10:19 AM: At 218401 moving to 218410
10:19 AM: At 218410 moving to 218401
10:19 AM: At 218401 moving to 218410
10:19 AM: At 218410 moving to 218401
10:19 AM: At 218401 moving to 218410
10:19 AM: At 218410 moving to 218401
10:19 AM: At 218401 moving to 218410
10:19 AM: At 218410 moving to 218401
10:19 AM: At 218401 moving to 214401
10:19 AM: Joined conversation 214400
10:19 AM: At 214401 moving to 218401
10:19 AM: Joined conversation 218400
10:19 AM: At 218401 moving to 219401
10:19 AM: Joined conversation 219400
10:19 AM: 'target' resource not found.
MeTL Log
10:18 AM: Started MeTL
10:19 AM: At -1 moving to 218401
10:19 AM: Joined conversation 218400
10:19 AM: At 218401 moving to 218410
10:19 AM: At 218410 moving to 218401
10:19 AM: At 218401 moving to 218410
10:19 AM: At 218410 moving to 218401
10:19 AM: At 218401 moving to 218410
10:19 AM: At 218410 moving to 218401
10:19 AM: At 218401 moving to 218410
10:19 AM: At 218410 moving to 218401
10:19 AM: At 218401 moving to 214401
10:19 AM: Joined conversation 214400
10:19 AM: At 214401 moving to 218401
10:19 AM: Joined conversation 218400
10:19 AM: At 218401 moving to 219401
10:19 AM: Joined conversation 219400
10:19 AM: 'target' resource not found.
10:19 AM: Exception has been thrown by the target of an invocation.
