------ Rebuild All started: Project: ArtistPalette, Configuration: Debug Any CPU ------
C:\Windows\Microsoft.NET\Framework\v3.5\Csc.exe /noconfig /nowarn:1701,1702 /errorreport:prompt /warn:4 /define:DEBUG;TRACE /reference:..\..\SandRibbon\lib\Divelements.SandRibbon.dll /reference:..\..\SandRibbon\lib\Microsoft.Practices.Composite.dll /reference:..\..\SandRibbon\lib\Microsoft.Practices.Composite.Presentation.dll /reference:"C:\Program Files\Reference Assemblies\Microsoft\Framework\v3.0\PresentationCore.dll" /reference:"C:\Program Files\Reference Assemblies\Microsoft\Framework\v3.0\PresentationFramework.dll" /reference:..\..\SandRibbonInterop\bin\Debug\SandRibbonInterop.dll /reference:"C:\Program Files\Reference Assemblies\Microsoft\Framework\v3.5\System.Core.dll" /reference:"C:\Program Files\Reference Assemblies\Microsoft\Framework\v3.5\System.Data.DataSetExtensions.dll" /reference:C:\Windows\Microsoft.NET\Framework\v2.0.50727\System.Data.dll /reference:C:\Windows\Microsoft.NET\Framework\v2.0.50727\System.dll /reference:C:\Windows\Microsoft.NET\Framework\v2.0.50727\System.Xml.dll /reference:"C:\Program Files\Reference Assemblies\Microsoft\Framework\v3.5\System.Xml.Linq.dll" /reference:"C:\Program Files\Reference Assemblies\Microsoft\Framework\v3.0\UIAutomationProvider.dll" /reference:"C:\Program Files\Reference Assemblies\Microsoft\Framework\v3.0\WindowsBase.dll" /debug+ /debug:full /filealign:512 /optimize- /out:obj\Debug\ArtistPalette.dll /target:library UserControl1.xaml.cs Properties\AssemblyInfo.cs Properties\Resources.Designer.cs Properties\Settings.Designer.cs C:\sandRibbon\SandRibbonPlugins\ArtistPalette\obj\Debug\UserControl1.g.cs C:\sandRibbon\SandRibbonPlugins\ArtistPalette\obj\Debug\GeneratedInternalTypeHelper.g.cs
UserControl1.xaml.cs(851,17): warning CS0472: The result of the expression is always 'true' since a value of type 'double' is never equal to 'null' of type 'double?'
UserControl1.xaml.cs(875,17): warning CS0472: The result of the expression is always 'true' since a value of type 'double' is never equal to 'null' of type 'double?'
UserControl1.xaml.cs(900,17): warning CS0472: The result of the expression is always 'true' since a value of type 'double' is never equal to 'null' of type 'double?'
UserControl1.xaml.cs(304,21): warning CS0414: The field 'ArtistPalette.PluginMain.nextAvailableSpot' is assigned but its value is never used
UserControl1.xaml.cs(601,28): warning CS0169: The field 'ArtistPalette.PluginMain.DrawingAttributesEntry.xamlcolorname' is never used
Done building project "ibe4sheg.tmp_proj".
C:\Windows\Microsoft.NET\Framework\v3.5\Csc.exe /noconfig /nowarn:1701,1702 /errorreport:prompt /warn:4 /define:DEBUG;TRACE /reference:..\..\SandRibbon\lib\Divelements.SandRibbon.dll /reference:..\..\SandRibbon\lib\Microsoft.Practices.Composite.dll /reference:..\..\SandRibbon\lib\Microsoft.Practices.Composite.Presentation.dll /reference:"C:\Program Files\Reference Assemblies\Microsoft\Framework\v3.0\PresentationCore.dll" /reference:"C:\Program Files\Reference Assemblies\Microsoft\Framework\v3.0\PresentationFramework.dll" /reference:..\..\SandRibbonInterop\bin\Debug\SandRibbonInterop.dll /reference:"C:\Program Files\Reference Assemblies\Microsoft\Framework\v3.5\System.Core.dll" /reference:"C:\Program Files\Reference Assemblies\Microsoft\Framework\v3.5\System.Data.DataSetExtensions.dll" /reference:C:\Windows\Microsoft.NET\Framework\v2.0.50727\System.Data.dll /reference:C:\Windows\Microsoft.NET\Framework\v2.0.50727\System.dll /reference:C:\Windows\Microsoft.NET\Framework\v2.0.50727\System.Xml.dll /reference:"C:\Program Files\Reference Assemblies\Microsoft\Framework\v3.5\System.Xml.Linq.dll" /reference:"C:\Program Files\Reference Assemblies\Microsoft\Framework\v3.0\UIAutomationProvider.dll" /reference:"C:\Program Files\Reference Assemblies\Microsoft\Framework\v3.0\WindowsBase.dll" /debug+ /debug:full /filealign:512 /optimize- /out:obj\Debug\ArtistPalette.dll /resource:obj\Debug\ArtistPalette.g.resources /resource:obj\Debug\ArtistPalette.Properties.Resources.resources /target:library UserControl1.xaml.cs Properties\AssemblyInfo.cs Properties\Resources.Designer.cs Properties\Settings.Designer.cs C:\sandRibbon\SandRibbonPlugins\ArtistPalette\obj\Debug\UserControl1.g.cs C:\sandRibbon\SandRibbonPlugins\ArtistPalette\obj\Debug\GeneratedInternalTypeHelper.g.cs
C:\sandRibbon\SandRibbonPlugins\ArtistPalette\UserControl1.xaml.cs(851,17): warning CS0472: The result of the expression is always 'true' since a value of type 'double' is never equal to 'null' of type 'double?'
C:\sandRibbon\SandRibbonPlugins\ArtistPalette\UserControl1.xaml.cs(875,17): warning CS0472: The result of the expression is always 'true' since a value of type 'double' is never equal to 'null' of type 'double?'
C:\sandRibbon\SandRibbonPlugins\ArtistPalette\UserControl1.xaml.cs(900,17): warning CS0472: The result of the expression is always 'true' since a value of type 'double' is never equal to 'null' of type 'double?'
C:\sandRibbon\SandRibbonPlugins\ArtistPalette\UserControl1.xaml.cs(304,21): warning CS0414: The field 'ArtistPalette.PluginMain.nextAvailableSpot' is assigned but its value is never used
C:\sandRibbon\SandRibbonPlugins\ArtistPalette\UserControl1.xaml.cs(601,28): warning CS0169: The field 'ArtistPalette.PluginMain.DrawingAttributesEntry.xamlcolorname' is never used

Compile complete -- 0 errors, 5 warnings
ArtistPalette -> C:\sandRibbon\SandRibbonPlugins\ArtistPalette\bin\Debug\ArtistPalette.dll
xcopy /E /Y C:\sandRibbon\SandRibbonPlugins\ArtistPalette\bin\Debug\ArtistPalette.dll C:\sandRibbon\SandRibbonPlugins\ArtistPalette\..\..\SandRibbon\plugins\ArtistPalette\
xcopy /E /Y C:\sandRibbon\SandRibbonPlugins\ArtistPalette\lib C:\sandRibbon\SandRibbonPlugins\ArtistPalette\..\..\SandRibbon\plugins\ArtistPalette\lib\
xcopy /Y C:\sandRibbon\SandRibbonPlugins\ArtistPalette\pluginDown.txt C:\sandRibbon\SandRibbonPlugins\ArtistPalette\..\..\SandRibbon\plugins\ArtistPalette\
C:\sandRibbon\SandRibbonPlugins\ArtistPalette\bin\Debug\ArtistPalette.dll
1 File(s) copied
0 File(s) copied
C:\sandRibbon\SandRibbonPlugins\ArtistPalette\pluginDown.txt
1 File(s) copied
========== Rebuild All: 1 succeeded, 0 failed, 0 skipped ==========

------ Rebuild All started: Project: PluginInterfaceManager, Configuration: Debug Any CPU ------
C:\Windows\Microsoft.NET\Framework\v3.5\Csc.exe /noconfig /nowarn:1701,1702 /errorreport:prompt /warn:4 /define:DEBUG;TRACE /reference:"C:\Program Files\Reference Assemblies\Microsoft\Framework\v3.0\PresentationCore.dll" /reference:"C:\Program Files\Reference Assemblies\Microsoft\Framework\v3.0\PresentationFramework.dll" /reference:..\..\SandRibbonInterop\bin\Debug\SandRibbonInterop.dll /reference:"C:\Program Files\Reference Assemblies\Microsoft\Framework\v3.5\System.Core.dll" /reference:"C:\Program Files\Reference Assemblies\Microsoft\Framework\v3.5\System.Data.DataSetExtensions.dll" /reference:C:\Windows\Microsoft.NET\Framework\v2.0.50727\System.Data.dll /reference:C:\Windows\Microsoft.NET\Framework\v2.0.50727\System.dll /reference:C:\Windows\Microsoft.NET\Framework\v2.0.50727\System.Xml.dll /reference:"C:\Program Files\Reference Assemblies\Microsoft\Framework\v3.5\System.Xml.Linq.dll" /reference:"C:\Program Files\Reference Assemblies\Microsoft\Framework\v3.0\WindowsBase.dll" /debug+ /debug:full /filealign:512 /optimize- /out:obj\Debug\PluginInterfaceManager.dll /target:library UserControl1.xaml.cs Properties\AssemblyInfo.cs Properties\Resources.Designer.cs Properties\Settings.Designer.cs C:\sandRibbon\SandRibbonPlugins\PluginInterfaceManager\obj\Debug\UserControl1.g.cs
C:\Windows\Microsoft.NET\Framework\v3.5\Csc.exe /noconfig /nowarn:1701,1702 /errorreport:prompt /warn:4 /define:DEBUG;TRACE /reference:"C:\Program Files\Reference Assemblies\Microsoft\Framework\v3.0\PresentationCore.dll" /reference:"C:\Program Files\Reference Assemblies\Microsoft\Framework\v3.0\PresentationFramework.dll" /reference:..\..\SandRibbonInterop\bin\Debug\SandRibbonInterop.dll /reference:"C:\Program Files\Reference Assemblies\Microsoft\Framework\v3.5\System.Core.dll" /reference:"C:\Program Files\Reference Assemblies\Microsoft\Framework\v3.5\System.Data.DataSetExtensions.dll" /reference:C:\Windows\Microsoft.NET\Framework\v2.0.50727\System.Data.dll /reference:C:\Windows\Microsoft.NET\Framework\v2.0.50727\System.dll /reference:C:\Windows\Microsoft.NET\Framework\v2.0.50727\System.Xml.dll /reference:"C:\Program Files\Reference Assemblies\Microsoft\Framework\v3.5\System.Xml.Linq.dll" /reference:"C:\Program Files\Reference Assemblies\Microsoft\Framework\v3.0\WindowsBase.dll" /debug+ /debug:full /filealign:512 /optimize- /out:obj\Debug\PluginInterfaceManager.dll /resource:obj\Debug\PluginInterfaceManager.g.resources /resource:obj\Debug\PluginInterfaceManager.Properties.Resources.resources /target:library UserControl1.xaml.cs Properties\AssemblyInfo.cs Properties\Resources.Designer.cs Properties\Settings.Designer.cs C:\sandRibbon\SandRibbonPlugins\PluginInterfaceManager\obj\Debug\UserControl1.g.cs

Compile complete -- 0 errors, 0 warnings
PluginInterfaceManager -> C:\sandRibbon\SandRibbonPlugins\PluginInterfaceManager\bin\Debug\PluginInterfaceManager.dll
xcopy /E /Y C:\sandRibbon\SandRibbonPlugins\PluginInterfaceManager\bin\Debug\PluginInterfaceManager.dll C:\sandRibbon\SandRibbonPlugins\PluginInterfaceManager\..\..\SandRibbon\plugins\PluginInterfaceManager\
xcopy /E /Y C:\sandRibbon\SandRibbonPlugins\PluginInterfaceManager\lib C:\sandRibbon\SandRibbonPlugins\PluginInterfaceManager\..\..\SandRibbon\plugins\PluginInterfaceManager\lib\
xcopy /Y C:\sandRibbon\SandRibbonPlugins\PluginInterfaceManager\pluginDown.txt C:\sandRibbon\SandRibbonPlugins\PluginInterfaceManager\..\..\SandRibbon\plugins\PluginInterfaceManager\
C:\sandRibbon\SandRibbonPlugins\PluginInterfaceManager\bin\Debug\PluginInterfaceManager.dll
1 File(s) copied
0 File(s) copied
C:\sandRibbon\SandRibbonPlugins\PluginInterfaceManager\pluginDown.txt
1 File(s) copied
========== Rebuild All: 1 succeeded, 0 failed, 0 skipped ==========


The following files were specified on the command line:

	C:\sandRibbon\GallerySlideViewer\Gallery Slide Viewer.sln

These files could not be found and will not be loaded.
------ Rebuild All started: Project: SMARTboard, Configuration: Debug Any CPU ------
C:\Windows\Microsoft.NET\Framework\v3.5\Csc.exe /noconfig /nowarn:1701,1702 /errorreport:prompt /warn:4 /define:DEBUG;TRACE /reference:lib\Interop.SBSDKComWrapperLib.dll /reference:..\..\SandRibbon\lib\Microsoft.Practices.Composite.dll /reference:..\..\SandRibbon\lib\Microsoft.Practices.Composite.Presentation.dll /reference:"C:\Program Files\Reference Assemblies\Microsoft\Framework\v3.0\PresentationCore.dll" /reference:"C:\Program Files\Reference Assemblies\Microsoft\Framework\v3.0\PresentationFramework.dll" /reference:..\..\SandRibbonInterop\bin\Debug\SandRibbonInterop.dll /reference:"C:\Program Files\Reference Assemblies\Microsoft\Framework\v3.5\System.Core.dll" /reference:"C:\Program Files\Reference Assemblies\Microsoft\Framework\v3.5\System.Data.DataSetExtensions.dll" /reference:C:\Windows\Microsoft.NET\Framework\v2.0.50727\System.Data.dll /reference:C:\Windows\Microsoft.NET\Framework\v2.0.50727\System.dll /reference:C:\Windows\Microsoft.NET\Framework\v2.0.50727\System.Xml.dll /reference:"C:\Program Files\Reference Assemblies\Microsoft\Framework\v3.5\System.Xml.Linq.dll" /reference:"C:\Program Files\Reference Assemblies\Microsoft\Framework\v3.0\UIAutomationProvider.dll" /reference:"C:\Program Files\Reference Assemblies\Microsoft\Framework\v3.0\WindowsBase.dll" /debug+ /debug:full /filealign:512 /optimize- /out:obj\Debug\SMARTboard.dll /target:library UserControl1.xaml.cs Properties\AssemblyInfo.cs Properties\Resources.Designer.cs Properties\Settings.Designer.cs C:\sandRibbon\SandRibbonPlugins\SMARTboard\obj\Debug\UserControl1.g.cs
C:\Windows\Microsoft.NET\Framework\v3.5\Csc.exe /noconfig /nowarn:1701,1702 /errorreport:prompt /warn:4 /define:DEBUG;TRACE /reference:lib\Interop.SBSDKComWrapperLib.dll /reference:..\..\SandRibbon\lib\Microsoft.Practices.Composite.dll /reference:..\..\SandRibbon\lib\Microsoft.Practices.Composite.Presentation.dll /reference:"C:\Program Files\Reference Assemblies\Microsoft\Framework\v3.0\PresentationCore.dll" /reference:"C:\Program Files\Reference Assemblies\Microsoft\Framework\v3.0\PresentationFramework.dll" /reference:..\..\SandRibbonInterop\bin\Debug\SandRibbonInterop.dll /reference:"C:\Program Files\Reference Assemblies\Microsoft\Framework\v3.5\System.Core.dll" /reference:"C:\Program Files\Reference Assemblies\Microsoft\Framework\v3.5\System.Data.DataSetExtensions.dll" /reference:C:\Windows\Microsoft.NET\Framework\v2.0.50727\System.Data.dll /reference:C:\Windows\Microsoft.NET\Framework\v2.0.50727\System.dll /reference:C:\Windows\Microsoft.NET\Framework\v2.0.50727\System.Xml.dll /reference:"C:\Program Files\Reference Assemblies\Microsoft\Framework\v3.5\System.Xml.Linq.dll" /reference:"C:\Program Files\Reference Assemblies\Microsoft\Framework\v3.0\UIAutomationProvider.dll" /reference:"C:\Program Files\Reference Assemblies\Microsoft\Framework\v3.0\WindowsBase.dll" /debug+ /debug:full /filealign:512 /optimize- /out:obj\Debug\SMARTboard.dll /resource:obj\Debug\SMARTboard.g.resources /resource:obj\Debug\SMARTboard.Properties.Resources.resources /target:library UserControl1.xaml.cs Properties\AssemblyInfo.cs Properties\Resources.Designer.cs Properties\Settings.Designer.cs C:\sandRibbon\SandRibbonPlugins\SMARTboard\obj\Debug\UserControl1.g.cs

Compile complete -- 0 errors, 0 warnings
SMARTboard -> C:\sandRibbon\SandRibbonPlugins\SMARTboard\bin\Debug\SMARTboard.dll
xcopy /E /Y C:\sandRibbon\SandRibbonPlugins\SMARTboard\bin\Debug\SMARTboard.dll C:\sandRibbon\SandRibbonPlugins\SMARTboard\..\..\SandRibbon\plugins\SMARTboard\
xcopy /E /Y C:\sandRibbon\SandRibbonPlugins\SMARTboard\lib C:\sandRibbon\SandRibbonPlugins\SMARTboard\..\..\SandRibbon\plugins\SMARTboard\lib\
xcopy /Y C:\sandRibbon\SandRibbonPlugins\SMARTboard\pluginDown.txt C:\sandRibbon\SandRibbonPlugins\SMARTboard\..\..\SandRibbon\plugins\SMARTboard\
C:\sandRibbon\SandRibbonPlugins\SMARTboard\bin\Debug\SMARTboard.dll
1 File(s) copied
C:\sandRibbon\SandRibbonPlugins\SMARTboard\lib\Interop.SBSDKComWrapperLib.dll
1 File(s) copied
C:\sandRibbon\SandRibbonPlugins\SMARTboard\pluginDown.txt
1 File(s) copied
========== Rebuild All: 1 succeeded, 0 failed, 0 skipped ==========

------ Rebuild All started: Project: RubyRepl, Configuration: Debug Any CPU ------
C:\Windows\Microsoft.NET\Framework\v3.5\Microsoft.Common.targets : warning MSB3247: Found conflicts between different versions of the same dependent assembly.
C:\Windows\Microsoft.NET\Framework\v3.5\Csc.exe /noconfig /nowarn:1701,1702 /errorreport:prompt /warn:4 /define:DEBUG;TRACE /reference:lib\IronRuby.dll /reference:lib\IronRuby.Libraries.dll /reference:lib\Microsoft.Scripting.Core.dll /reference:lib\Microsoft.Scripting.dll /reference:lib\Microsoft.Scripting.ExtensionAttribute.dll /reference:lib\Org.TechA.Wpf.UserControls.dll /reference:"C:\Program Files\Reference Assemblies\Microsoft\Framework\v3.0\PresentationCore.dll" /reference:"C:\Program Files\Reference Assemblies\Microsoft\Framework\v3.0\PresentationFramework.dll" /reference:"C:\Program Files\Reference Assemblies\Microsoft\Framework\v3.5\System.Core.dll" /reference:"C:\Program Files\Reference Assemblies\Microsoft\Framework\v3.5\System.Data.DataSetExtensions.dll" /reference:C:\Windows\Microsoft.NET\Framework\v2.0.50727\System.Data.dll /reference:C:\Windows\Microsoft.NET\Framework\v2.0.50727\System.dll /reference:C:\Windows\Microsoft.NET\Framework\v2.0.50727\System.Xml.dll /reference:"C:\Program Files\Reference Assemblies\Microsoft\Framework\v3.5\System.Xml.Linq.dll" /reference:"C:\Program Files\Reference Assemblies\Microsoft\Framework\v3.0\WindowsBase.dll" /debug+ /debug:full /filealign:512 /optimize- /out:obj\Debug\RubyRepl.dll /resource:obj\Debug\RubyRepl.g.resources /resource:obj\Debug\RubyRepl.Properties.Resources.resources /target:library plugin.xaml.cs Properties\AssemblyInfo.cs Properties\Resources.Designer.cs Properties\Settings.Designer.cs C:\sandRibbon\SandRibbonPlugins\RubyRepl\obj\Debug\plugin.g.cs
warning CS1685: The predefined type 'System.Linq.Expressions.Expression' is defined in multiple assemblies in the global alias; using definition from 'c:\sandRibbon\SandRibbonPlugins\RubyRepl\lib\Microsoft.Scripting.Core.dll'
warning CS1685: The predefined type 'System.Linq.Expressions.Expression' is defined in multiple assemblies in the global alias; using definition from 'c:\sandRibbon\SandRibbonPlugins\RubyRepl\lib\Microsoft.Scripting.Core.dll'
warning CS1685: The predefined type 'System.Linq.Expressions.LambdaExpression' is defined in multiple assemblies in the global alias; using definition from 'c:\sandRibbon\SandRibbonPlugins\RubyRepl\lib\Microsoft.Scripting.Core.dll'
warning CS1685: The predefined type 'System.Linq.Expressions.BinaryExpression' is defined in multiple assemblies in the global alias; using definition from 'c:\sandRibbon\SandRibbonPlugins\RubyRepl\lib\Microsoft.Scripting.Core.dll'
warning CS1685: The predefined type 'System.Linq.Expressions.UnaryExpression' is defined in multiple assemblies in the global alias; using definition from 'c:\sandRibbon\SandRibbonPlugins\RubyRepl\lib\Microsoft.Scripting.Core.dll'
warning CS1685: The predefined type 'System.Linq.Expressions.ConditionalExpression' is defined in multiple assemblies in the global alias; using definition from 'c:\sandRibbon\SandRibbonPlugins\RubyRepl\lib\Microsoft.Scripting.Core.dll'
warning CS1685: The predefined type 'System.Linq.Expressions.ConstantExpression' is defined in multiple assemblies in the global alias; using definition from 'c:\sandRibbon\SandRibbonPlugins\RubyRepl\lib\Microsoft.Scripting.Core.dll'
warning CS1685: The predefined type 'System.Linq.Expressions.ParameterExpression' is defined in multiple assemblies in the global alias; using definition from 'c:\sandRibbon\SandRibbonPlugins\RubyRepl\lib\Microsoft.Scripting.Core.dll'
warning CS1685: The predefined type 'System.Linq.Expressions.MemberExpression' is defined in multiple assemblies in the global alias; using definition from 'c:\sandRibbon\SandRibbonPlugins\RubyRepl\lib\Microsoft.Scripting.Core.dll'
warning CS1685: The predefined type 'System.Linq.Expressions.MethodCallExpression' is defined in multiple assemblies in the global alias; using definition from 'c:\sandRibbon\SandRibbonPlugins\RubyRepl\lib\Microsoft.Scripting.Core.dll'
warning CS1685: The predefined type 'System.Linq.Expressions.NewExpression' is defined in multiple assemblies in the global alias; using definition from 'c:\sandRibbon\SandRibbonPlugins\RubyRepl\lib\Microsoft.Scripting.Core.dll'
warning CS1685: The predefined type 'System.Linq.Expressions.MemberBinding' is defined in multiple assemblies in the global alias; using definition from 'c:\sandRibbon\SandRibbonPlugins\RubyRepl\lib\Microsoft.Scripting.Core.dll'
warning CS1685: The predefined type 'System.Linq.Expressions.MemberInitExpression' is defined in multiple assemblies in the global alias; using definition from 'c:\sandRibbon\SandRibbonPlugins\RubyRepl\lib\Microsoft.Scripting.Core.dll'
warning CS1685: The predefined type 'System.Linq.Expressions.ListInitExpression' is defined in multiple assemblies in the global alias; using definition from 'c:\sandRibbon\SandRibbonPlugins\RubyRepl\lib\Microsoft.Scripting.Core.dll'
warning CS1685: The predefined type 'System.Linq.Expressions.TypeBinaryExpression' is defined in multiple assemblies in the global alias; using definition from 'c:\sandRibbon\SandRibbonPlugins\RubyRepl\lib\Microsoft.Scripting.Core.dll'
warning CS1685: The predefined type 'System.Linq.Expressions.NewArrayExpression' is defined in multiple assemblies in the global alias; using definition from 'c:\sandRibbon\SandRibbonPlugins\RubyRepl\lib\Microsoft.Scripting.Core.dll'
warning CS1685: The predefined type 'System.Linq.Expressions.MemberAssignment' is defined in multiple assemblies in the global alias; using definition from 'c:\sandRibbon\SandRibbonPlugins\RubyRepl\lib\Microsoft.Scripting.Core.dll'
warning CS1685: The predefined type 'System.Linq.Expressions.MemberListBinding' is defined in multiple assemblies in the global alias; using definition from 'c:\sandRibbon\SandRibbonPlugins\RubyRepl\lib\Microsoft.Scripting.Core.dll'
warning CS1685: The predefined type 'System.Linq.Expressions.MemberMemberBinding' is defined in multiple assemblies in the global alias; using definition from 'c:\sandRibbon\SandRibbonPlugins\RubyRepl\lib\Microsoft.Scripting.Core.dll'
warning CS1685: The predefined type 'System.Linq.Expressions.InvocationExpression' is defined in multiple assemblies in the global alias; using definition from 'c:\sandRibbon\SandRibbonPlugins\RubyRepl\lib\Microsoft.Scripting.Core.dll'
warning CS1685: The predefined type 'System.Linq.Expressions.ElementInit' is defined in multiple assemblies in the global alias; using definition from 'c:\sandRibbon\SandRibbonPlugins\RubyRepl\lib\Microsoft.Scripting.Core.dll'

Compile complete -- 0 errors, 21 warnings
RubyRepl -> C:\sandRibbon\SandRibbonPlugins\RubyRepl\bin\Debug\RubyRepl.dll
xcopy /E /Y C:\sandRibbon\SandRibbonPlugins\RubyRepl\bin\Debug\RubyRepl.dll C:\sandRibbon\SandRibbonPlugins\RubyRepl\..\..\SandRibbon\plugins\RubyRepl\
xcopy /E /Y C:\sandRibbon\SandRibbonPlugins\RubyRepl\lib C:\sandRibbon\SandRibbonPlugins\RubyRepl\..\..\SandRibbon\plugins\RubyRepl\lib\
xcopy /Y C:\sandRibbon\SandRibbonPlugins\RubyRepl\pluginDown.txt C:\sandRibbon\SandRibbonPlugins\RubyRepl\..\..\SandRibbon\plugins\RubyRepl\
C:\sandRibbon\SandRibbonPlugins\RubyRepl\bin\Debug\RubyRepl.dll
1 File(s) copied
C:\sandRibbon\SandRibbonPlugins\RubyRepl\lib\IronRuby.dll
C:\sandRibbon\SandRibbonPlugins\RubyRepl\lib\IronRuby.Libraries.dll
C:\sandRibbon\SandRibbonPlugins\RubyRepl\lib\Microsoft.Scripting.Core.dll
C:\sandRibbon\SandRibbonPlugins\RubyRepl\lib\Microsoft.Scripting.dll
C:\sandRibbon\SandRibbonPlugins\RubyRepl\lib\Microsoft.Scripting.ExtensionAttribute.dll
C:\sandRibbon\SandRibbonPlugins\RubyRepl\lib\Org.TechA.Wpf.UserControls.dll
C:\sandRibbon\SandRibbonPlugins\RubyRepl\lib\Org.TechA.Wpf.UserControls.dll.config
C:\sandRibbon\SandRibbonPlugins\RubyRepl\lib\Org.TechA.Wpf.UserControls.pdb
8 File(s) copied
C:\sandRibbon\SandRibbonPlugins\RubyRepl\pluginDown.txt
1 File(s) copied
Done building project "RubyRepl.csproj".
========== Rebuild All: 1 succeeded, 0 failed, 0 skipped ==========

------ Rebuild All started: Project: ArtistPalette, Configuration: Debug Any CPU ------
C:\Windows\Microsoft.NET\Framework\v3.5\Csc.exe /noconfig /nowarn:1701,1702 /errorreport:prompt /warn:4 /define:DEBUG;TRACE /reference:..\..\SandRibbon\lib\Divelements.SandRibbon.dll /reference:..\..\SandRibbon\lib\Microsoft.Practices.Composite.dll /reference:..\..\SandRibbon\lib\Microsoft.Practices.Composite.Presentation.dll /reference:"C:\Program Files\Reference Assemblies\Microsoft\Framework\v3.0\PresentationCore.dll" /reference:"C:\Program Files\Reference Assemblies\Microsoft\Framework\v3.0\PresentationFramework.dll" /reference:..\..\SandRibbonInterop\bin\Debug\SandRibbonInterop.dll /reference:"C:\Program Files\Reference Assemblies\Microsoft\Framework\v3.5\System.Core.dll" /reference:"C:\Program Files\Reference Assemblies\Microsoft\Framework\v3.5\System.Data.DataSetExtensions.dll" /reference:C:\Windows\Microsoft.NET\Framework\v2.0.50727\System.Data.dll /reference:C:\Windows\Microsoft.NET\Framework\v2.0.50727\System.dll /reference:C:\Windows\Microsoft.NET\Framework\v2.0.50727\System.Xml.dll /reference:"C:\Program Files\Reference Assemblies\Microsoft\Framework\v3.5\System.Xml.Linq.dll" /reference:"C:\Program Files\Reference Assemblies\Microsoft\Framework\v3.0\UIAutomationProvider.dll" /reference:"C:\Program Files\Reference Assemblies\Microsoft\Framework\v3.0\WindowsBase.dll" /debug+ /debug:full /filealign:512 /optimize- /out:obj\Debug\ArtistPalette.dll /target:library UserControl1.xaml.cs Properties\AssemblyInfo.cs Properties\Resources.Designer.cs Properties\Settings.Designer.cs C:\sandRibbon\SandRibbonPlugins\ArtistPalette\obj\Debug\UserControl1.g.cs C:\sandRibbon\SandRibbonPlugins\ArtistPalette\obj\Debug\GeneratedInternalTypeHelper.g.cs
UserControl1.xaml.cs(851,17): warning CS0472: The result of the expression is always 'true' since a value of type 'double' is never equal to 'null' of type 'double?'
UserControl1.xaml.cs(875,17): warning CS0472: The result of the expression is always 'true' since a value of type 'double' is never equal to 'null' of type 'double?'
UserControl1.xaml.cs(900,17): warning CS0472: The result of the expression is always 'true' since a value of type 'double' is never equal to 'null' of type 'double?'
UserControl1.xaml.cs(304,21): warning CS0414: The field 'ArtistPalette.PluginMain.nextAvailableSpot' is assigned but its value is never used
UserControl1.xaml.cs(601,28): warning CS0169: The field 'ArtistPalette.PluginMain.DrawingAttributesEntry.xamlcolorname' is never used
Done building project "q01m15oq.tmp_proj".
C:\Windows\Microsoft.NET\Framework\v3.5\Csc.exe /noconfig /nowarn:1701,1702 /errorreport:prompt /warn:4 /define:DEBUG;TRACE /reference:..\..\SandRibbon\lib\Divelements.SandRibbon.dll /reference:..\..\SandRibbon\lib\Microsoft.Practices.Composite.dll /reference:..\..\SandRibbon\lib\Microsoft.Practices.Composite.Presentation.dll /reference:"C:\Program Files\Reference Assemblies\Microsoft\Framework\v3.0\PresentationCore.dll" /reference:"C:\Program Files\Reference Assemblies\Microsoft\Framework\v3.0\PresentationFramework.dll" /reference:..\..\SandRibbonInterop\bin\Debug\SandRibbonInterop.dll /reference:"C:\Program Files\Reference Assemblies\Microsoft\Framework\v3.5\System.Core.dll" /reference:"C:\Program Files\Reference Assemblies\Microsoft\Framework\v3.5\System.Data.DataSetExtensions.dll" /reference:C:\Windows\Microsoft.NET\Framework\v2.0.50727\System.Data.dll /reference:C:\Windows\Microsoft.NET\Framework\v2.0.50727\System.dll /reference:C:\Windows\Microsoft.NET\Framework\v2.0.50727\System.Xml.dll /reference:"C:\Program Files\Reference Assemblies\Microsoft\Framework\v3.5\System.Xml.Linq.dll" /reference:"C:\Program Files\Reference Assemblies\Microsoft\Framework\v3.0\UIAutomationProvider.dll" /reference:"C:\Program Files\Reference Assemblies\Microsoft\Framework\v3.0\WindowsBase.dll" /debug+ /debug:full /filealign:512 /optimize- /out:obj\Debug\ArtistPalette.dll /resource:obj\Debug\ArtistPalette.g.resources /resource:obj\Debug\ArtistPalette.Properties.Resources.resources /target:library UserControl1.xaml.cs Properties\AssemblyInfo.cs Properties\Resources.Designer.cs Properties\Settings.Designer.cs C:\sandRibbon\SandRibbonPlugins\ArtistPalette\obj\Debug\UserControl1.g.cs C:\sandRibbon\SandRibbonPlugins\ArtistPalette\obj\Debug\GeneratedInternalTypeHelper.g.cs
C:\sandRibbon\SandRibbonPlugins\ArtistPalette\UserControl1.xaml.cs(851,17): warning CS0472: The result of the expression is always 'true' since a value of type 'double' is never equal to 'null' of type 'double?'
C:\sandRibbon\SandRibbonPlugins\ArtistPalette\UserControl1.xaml.cs(875,17): warning CS0472: The result of the expression is always 'true' since a value of type 'double' is never equal to 'null' of type 'double?'
C:\sandRibbon\SandRibbonPlugins\ArtistPalette\UserControl1.xaml.cs(900,17): warning CS0472: The result of the expression is always 'true' since a value of type 'double' is never equal to 'null' of type 'double?'
C:\sandRibbon\SandRibbonPlugins\ArtistPalette\UserControl1.xaml.cs(304,21): warning CS0414: The field 'ArtistPalette.PluginMain.nextAvailableSpot' is assigned but its value is never used
C:\sandRibbon\SandRibbonPlugins\ArtistPalette\UserControl1.xaml.cs(601,28): warning CS0169: The field 'ArtistPalette.PluginMain.DrawingAttributesEntry.xamlcolorname' is never used

Compile complete -- 0 errors, 5 warnings
ArtistPalette -> C:\sandRibbon\SandRibbonPlugins\ArtistPalette\bin\Debug\ArtistPalette.dll
xcopy /E /Y C:\sandRibbon\SandRibbonPlugins\ArtistPalette\bin\Debug\ArtistPalette.dll C:\sandRibbon\SandRibbonPlugins\ArtistPalette\..\..\SandRibbon\plugins\ArtistPalette\
xcopy /E /Y C:\sandRibbon\SandRibbonPlugins\ArtistPalette\lib C:\sandRibbon\SandRibbonPlugins\ArtistPalette\..\..\SandRibbon\plugins\ArtistPalette\lib\
xcopy /Y C:\sandRibbon\SandRibbonPlugins\ArtistPalette\pluginDown.txt C:\sandRibbon\SandRibbonPlugins\ArtistPalette\..\..\SandRibbon\plugins\ArtistPalette\
C:\sandRibbon\SandRibbonPlugins\ArtistPalette\bin\Debug\ArtistPalette.dll
1 File(s) copied
0 File(s) copied
C:\sandRibbon\SandRibbonPlugins\ArtistPalette\pluginDown.txt
1 File(s) copied
========== Rebuild All: 1 succeeded, 0 failed, 0 skipped ==========

------ Rebuild All started: Project: PluginInterfaceManager, Configuration: Debug Any CPU ------
C:\Windows\Microsoft.NET\Framework\v3.5\Csc.exe /noconfig /nowarn:1701,1702 /errorreport:prompt /warn:4 /define:DEBUG;TRACE /reference:"C:\Program Files\Reference Assemblies\Microsoft\Framework\v3.0\PresentationCore.dll" /reference:"C:\Program Files\Reference Assemblies\Microsoft\Framework\v3.0\PresentationFramework.dll" /reference:..\..\SandRibbonInterop\bin\Debug\SandRibbonInterop.dll /reference:"C:\Program Files\Reference Assemblies\Microsoft\Framework\v3.5\System.Core.dll" /reference:"C:\Program Files\Reference Assemblies\Microsoft\Framework\v3.5\System.Data.DataSetExtensions.dll" /reference:C:\Windows\Microsoft.NET\Framework\v2.0.50727\System.Data.dll /reference:C:\Windows\Microsoft.NET\Framework\v2.0.50727\System.dll /reference:C:\Windows\Microsoft.NET\Framework\v2.0.50727\System.Xml.dll /reference:"C:\Program Files\Reference Assemblies\Microsoft\Framework\v3.5\System.Xml.Linq.dll" /reference:"C:\Program Files\Reference Assemblies\Microsoft\Framework\v3.0\WindowsBase.dll" /debug+ /debug:full /filealign:512 /optimize- /out:obj\Debug\PluginInterfaceManager.dll /target:library UserControl1.xaml.cs Properties\AssemblyInfo.cs Properties\Resources.Designer.cs Properties\Settings.Designer.cs C:\sandRibbon\SandRibbonPlugins\PluginInterfaceManager\obj\Debug\UserControl1.g.cs
C:\Windows\Microsoft.NET\Framework\v3.5\Csc.exe /noconfig /nowarn:1701,1702 /errorreport:prompt /warn:4 /define:DEBUG;TRACE /reference:"C:\Program Files\Reference Assemblies\Microsoft\Framework\v3.0\PresentationCore.dll" /reference:"C:\Program Files\Reference Assemblies\Microsoft\Framework\v3.0\PresentationFramework.dll" /reference:..\..\SandRibbonInterop\bin\Debug\SandRibbonInterop.dll /reference:"C:\Program Files\Reference Assemblies\Microsoft\Framework\v3.5\System.Core.dll" /reference:"C:\Program Files\Reference Assemblies\Microsoft\Framework\v3.5\System.Data.DataSetExtensions.dll" /reference:C:\Windows\Microsoft.NET\Framework\v2.0.50727\System.Data.dll /reference:C:\Windows\Microsoft.NET\Framework\v2.0.50727\System.dll /reference:C:\Windows\Microsoft.NET\Framework\v2.0.50727\System.Xml.dll /reference:"C:\Program Files\Reference Assemblies\Microsoft\Framework\v3.5\System.Xml.Linq.dll" /reference:"C:\Program Files\Reference Assemblies\Microsoft\Framework\v3.0\WindowsBase.dll" /debug+ /debug:full /filealign:512 /optimize- /out:obj\Debug\PluginInterfaceManager.dll /resource:obj\Debug\PluginInterfaceManager.g.resources /resource:obj\Debug\PluginInterfaceManager.Properties.Resources.resources /target:library UserControl1.xaml.cs Properties\AssemblyInfo.cs Properties\Resources.Designer.cs Properties\Settings.Designer.cs C:\sandRibbon\SandRibbonPlugins\PluginInterfaceManager\obj\Debug\UserControl1.g.cs

Compile complete -- 0 errors, 0 warnings
PluginInterfaceManager -> C:\sandRibbon\SandRibbonPlugins\PluginInterfaceManager\bin\Debug\PluginInterfaceManager.dll
xcopy /E /Y C:\sandRibbon\SandRibbonPlugins\PluginInterfaceManager\bin\Debug\PluginInterfaceManager.dll C:\sandRibbon\SandRibbonPlugins\PluginInterfaceManager\..\..\SandRibbon\plugins\PluginInterfaceManager\
xcopy /E /Y C:\sandRibbon\SandRibbonPlugins\PluginInterfaceManager\lib C:\sandRibbon\SandRibbonPlugins\PluginInterfaceManager\..\..\SandRibbon\plugins\PluginInterfaceManager\lib\
xcopy /Y C:\sandRibbon\SandRibbonPlugins\PluginInterfaceManager\pluginDown.txt C:\sandRibbon\SandRibbonPlugins\PluginInterfaceManager\..\..\SandRibbon\plugins\PluginInterfaceManager\
C:\sandRibbon\SandRibbonPlugins\PluginInterfaceManager\bin\Debug\PluginInterfaceManager.dll
1 File(s) copied
0 File(s) copied
C:\sandRibbon\SandRibbonPlugins\PluginInterfaceManager\pluginDown.txt
1 File(s) copied
========== Rebuild All: 1 succeeded, 0 failed, 0 skipped ==========

------ Rebuild All started: Project: RubyRepl, Configuration: Debug Any CPU ------
C:\Windows\Microsoft.NET\Framework\v3.5\Microsoft.Common.targets : warning MSB3247: Found conflicts between different versions of the same dependent assembly.
C:\Windows\Microsoft.NET\Framework\v3.5\Csc.exe /noconfig /nowarn:1701,1702 /errorreport:prompt /warn:4 /define:DEBUG;TRACE /reference:lib\IronRuby.dll /reference:lib\IronRuby.Libraries.dll /reference:lib\Microsoft.Scripting.Core.dll /reference:lib\Microsoft.Scripting.dll /reference:lib\Microsoft.Scripting.ExtensionAttribute.dll /reference:lib\Org.TechA.Wpf.UserControls.dll /reference:"C:\Program Files\Reference Assemblies\Microsoft\Framework\v3.0\PresentationCore.dll" /reference:"C:\Program Files\Reference Assemblies\Microsoft\Framework\v3.0\PresentationFramework.dll" /reference:"C:\Program Files\Reference Assemblies\Microsoft\Framework\v3.5\System.Core.dll" /reference:"C:\Program Files\Reference Assemblies\Microsoft\Framework\v3.5\System.Data.DataSetExtensions.dll" /reference:C:\Windows\Microsoft.NET\Framework\v2.0.50727\System.Data.dll /reference:C:\Windows\Microsoft.NET\Framework\v2.0.50727\System.dll /reference:C:\Windows\Microsoft.NET\Framework\v2.0.50727\System.Xml.dll /reference:"C:\Program Files\Reference Assemblies\Microsoft\Framework\v3.5\System.Xml.Linq.dll" /reference:"C:\Program Files\Reference Assemblies\Microsoft\Framework\v3.0\WindowsBase.dll" /debug+ /debug:full /filealign:512 /optimize- /out:obj\Debug\RubyRepl.dll /resource:obj\Debug\RubyRepl.g.resources /resource:obj\Debug\RubyRepl.Properties.Resources.resources /target:library plugin.xaml.cs Properties\AssemblyInfo.cs Properties\Resources.Designer.cs Properties\Settings.Designer.cs C:\sandRibbon\SandRibbonPlugins\RubyRepl\obj\Debug\plugin.g.cs
warning CS1685: The predefined type 'System.Linq.Expressions.Expression' is defined in multiple assemblies in the global alias; using definition from 'c:\sandRibbon\SandRibbonPlugins\RubyRepl\lib\Microsoft.Scripting.Core.dll'
warning CS1685: The predefined type 'System.Linq.Expressions.Expression' is defined in multiple assemblies in the global alias; using definition from 'c:\sandRibbon\SandRibbonPlugins\RubyRepl\lib\Microsoft.Scripting.Core.dll'
warning CS1685: The predefined type 'System.Linq.Expressions.LambdaExpression' is defined in multiple assemblies in the global alias; using definition from 'c:\sandRibbon\SandRibbonPlugins\RubyRepl\lib\Microsoft.Scripting.Core.dll'
warning CS1685: The predefined type 'System.Linq.Expressions.BinaryExpression' is defined in multiple assemblies in the global alias; using definition from 'c:\sandRibbon\SandRibbonPlugins\RubyRepl\lib\Microsoft.Scripting.Core.dll'
warning CS1685: The predefined type 'System.Linq.Expressions.UnaryExpression' is defined in multiple assemblies in the global alias; using definition from 'c:\sandRibbon\SandRibbonPlugins\RubyRepl\lib\Microsoft.Scripting.Core.dll'
warning CS1685: The predefined type 'System.Linq.Expressions.ConditionalExpression' is defined in multiple assemblies in the global alias; using definition from 'c:\sandRibbon\SandRibbonPlugins\RubyRepl\lib\Microsoft.Scripting.Core.dll'
warning CS1685: The predefined type 'System.Linq.Expressions.ConstantExpression' is defined in multiple assemblies in the global alias; using definition from 'c:\sandRibbon\SandRibbonPlugins\RubyRepl\lib\Microsoft.Scripting.Core.dll'
warning CS1685: The predefined type 'System.Linq.Expressions.ParameterExpression' is defined in multiple assemblies in the global alias; using definition from 'c:\sandRibbon\SandRibbonPlugins\RubyRepl\lib\Microsoft.Scripting.Core.dll'
warning CS1685: The predefined type 'System.Linq.Expressions.MemberExpression' is defined in multiple assemblies in the global alias; using definition from 'c:\sandRibbon\SandRibbonPlugins\RubyRepl\lib\Microsoft.Scripting.Core.dll'
warning CS1685: The predefined type 'System.Linq.Expressions.MethodCallExpression' is defined in multiple assemblies in the global alias; using definition from 'c:\sandRibbon\SandRibbonPlugins\RubyRepl\lib\Microsoft.Scripting.Core.dll'
warning CS1685: The predefined type 'System.Linq.Expressions.NewExpression' is defined in multiple assemblies in the global alias; using definition from 'c:\sandRibbon\SandRibbonPlugins\RubyRepl\lib\Microsoft.Scripting.Core.dll'
warning CS1685: The predefined type 'System.Linq.Expressions.MemberBinding' is defined in multiple assemblies in the global alias; using definition from 'c:\sandRibbon\SandRibbonPlugins\RubyRepl\lib\Microsoft.Scripting.Core.dll'
warning CS1685: The predefined type 'System.Linq.Expressions.MemberInitExpression' is defined in multiple assemblies in the global alias; using definition from 'c:\sandRibbon\SandRibbonPlugins\RubyRepl\lib\Microsoft.Scripting.Core.dll'
warning CS1685: The predefined type 'System.Linq.Expressions.ListInitExpression' is defined in multiple assemblies in the global alias; using definition from 'c:\sandRibbon\SandRibbonPlugins\RubyRepl\lib\Microsoft.Scripting.Core.dll'
warning CS1685: The predefined type 'System.Linq.Expressions.TypeBinaryExpression' is defined in multiple assemblies in the global alias; using definition from 'c:\sandRibbon\SandRibbonPlugins\RubyRepl\lib\Microsoft.Scripting.Core.dll'
warning CS1685: The predefined type 'System.Linq.Expressions.NewArrayExpression' is defined in multiple assemblies in the global alias; using definition from 'c:\sandRibbon\SandRibbonPlugins\RubyRepl\lib\Microsoft.Scripting.Core.dll'
warning CS1685: The predefined type 'System.Linq.Expressions.MemberAssignment' is defined in multiple assemblies in the global alias; using definition from 'c:\sandRibbon\SandRibbonPlugins\RubyRepl\lib\Microsoft.Scripting.Core.dll'
warning CS1685: The predefined type 'System.Linq.Expressions.MemberListBinding' is defined in multiple assemblies in the global alias; using definition from 'c:\sandRibbon\SandRibbonPlugins\RubyRepl\lib\Microsoft.Scripting.Core.dll'
warning CS1685: The predefined type 'System.Linq.Expressions.MemberMemberBinding' is defined in multiple assemblies in the global alias; using definition from 'c:\sandRibbon\SandRibbonPlugins\RubyRepl\lib\Microsoft.Scripting.Core.dll'
warning CS1685: The predefined type 'System.Linq.Expressions.InvocationExpression' is defined in multiple assemblies in the global alias; using definition from 'c:\sandRibbon\SandRibbonPlugins\RubyRepl\lib\Microsoft.Scripting.Core.dll'
warning CS1685: The predefined type 'System.Linq.Expressions.ElementInit' is defined in multiple assemblies in the global alias; using definition from 'c:\sandRibbon\SandRibbonPlugins\RubyRepl\lib\Microsoft.Scripting.Core.dll'

Compile complete -- 0 errors, 21 warnings
RubyRepl -> C:\sandRibbon\SandRibbonPlugins\RubyRepl\bin\Debug\RubyRepl.dll
xcopy /E /Y C:\sandRibbon\SandRibbonPlugins\RubyRepl\bin\Debug\RubyRepl.dll C:\sandRibbon\SandRibbonPlugins\RubyRepl\..\..\SandRibbon\plugins\RubyRepl\
xcopy /E /Y C:\sandRibbon\SandRibbonPlugins\RubyRepl\lib C:\sandRibbon\SandRibbonPlugins\RubyRepl\..\..\SandRibbon\plugins\RubyRepl\lib\
xcopy /Y C:\sandRibbon\SandRibbonPlugins\RubyRepl\pluginDown.txt C:\sandRibbon\SandRibbonPlugins\RubyRepl\..\..\SandRibbon\plugins\RubyRepl\
C:\sandRibbon\SandRibbonPlugins\RubyRepl\bin\Debug\RubyRepl.dll
1 File(s) copied
C:\sandRibbon\SandRibbonPlugins\RubyRepl\lib\IronRuby.dll
C:\sandRibbon\SandRibbonPlugins\RubyRepl\lib\IronRuby.Libraries.dll
C:\sandRibbon\SandRibbonPlugins\RubyRepl\lib\Microsoft.Scripting.Core.dll
C:\sandRibbon\SandRibbonPlugins\RubyRepl\lib\Microsoft.Scripting.dll
C:\sandRibbon\SandRibbonPlugins\RubyRepl\lib\Microsoft.Scripting.ExtensionAttribute.dll
C:\sandRibbon\SandRibbonPlugins\RubyRepl\lib\Org.TechA.Wpf.UserControls.dll
C:\sandRibbon\SandRibbonPlugins\RubyRepl\lib\Org.TechA.Wpf.UserControls.dll.config
C:\sandRibbon\SandRibbonPlugins\RubyRepl\lib\Org.TechA.Wpf.UserControls.pdb
8 File(s) copied
C:\sandRibbon\SandRibbonPlugins\RubyRepl\pluginDown.txt
1 File(s) copied
Done building project "RubyRepl.csproj".
========== Rebuild All: 1 succeeded, 0 failed, 0 skipped ==========

------ Rebuild All started: Project: ArtistPalette, Configuration: Debug Any CPU ------
C:\Windows\Microsoft.NET\Framework\v3.5\Csc.exe /noconfig /nowarn:1701,1702 /errorreport:prompt /warn:4 /define:DEBUG;TRACE /reference:..\..\SandRibbon\lib\Divelements.SandRibbon.dll /reference:..\..\SandRibbon\lib\Microsoft.Practices.Composite.dll /reference:..\..\SandRibbon\lib\Microsoft.Practices.Composite.Presentation.dll /reference:"C:\Program Files\Reference Assemblies\Microsoft\Framework\v3.0\PresentationCore.dll" /reference:"C:\Program Files\Reference Assemblies\Microsoft\Framework\v3.0\PresentationFramework.dll" /reference:..\..\SandRibbonInterop\bin\Debug\SandRibbonInterop.dll /reference:"C:\Program Files\Reference Assemblies\Microsoft\Framework\v3.5\System.Core.dll" /reference:"C:\Program Files\Reference Assemblies\Microsoft\Framework\v3.5\System.Data.DataSetExtensions.dll" /reference:C:\Windows\Microsoft.NET\Framework\v2.0.50727\System.Data.dll /reference:C:\Windows\Microsoft.NET\Framework\v2.0.50727\System.dll /reference:C:\Windows\Microsoft.NET\Framework\v2.0.50727\System.Xml.dll /reference:"C:\Program Files\Reference Assemblies\Microsoft\Framework\v3.5\System.Xml.Linq.dll" /reference:"C:\Program Files\Reference Assemblies\Microsoft\Framework\v3.0\UIAutomationProvider.dll" /reference:"C:\Program Files\Reference Assemblies\Microsoft\Framework\v3.0\WindowsBase.dll" /debug+ /debug:full /filealign:512 /optimize- /out:obj\Debug\ArtistPalette.dll /target:library UserControl1.xaml.cs Properties\AssemblyInfo.cs Properties\Resources.Designer.cs Properties\Settings.Designer.cs C:\sandRibbon\SandRibbonPlugins\ArtistPalette\obj\Debug\UserControl1.g.cs C:\sandRibbon\SandRibbonPlugins\ArtistPalette\obj\Debug\GeneratedInternalTypeHelper.g.cs
UserControl1.xaml.cs(851,17): warning CS0472: The result of the expression is always 'true' since a value of type 'double' is never equal to 'null' of type 'double?'
UserControl1.xaml.cs(875,17): warning CS0472: The result of the expression is always 'true' since a value of type 'double' is never equal to 'null' of type 'double?'
UserControl1.xaml.cs(900,17): warning CS0472: The result of the expression is always 'true' since a value of type 'double' is never equal to 'null' of type 'double?'
UserControl1.xaml.cs(304,21): warning CS0414: The field 'ArtistPalette.PluginMain.nextAvailableSpot' is assigned but its value is never used
UserControl1.xaml.cs(601,28): warning CS0169: The field 'ArtistPalette.PluginMain.DrawingAttributesEntry.xamlcolorname' is never used
Done building project "zq55oxrg.tmp_proj".
C:\Windows\Microsoft.NET\Framework\v3.5\Csc.exe /noconfig /nowarn:1701,1702 /errorreport:prompt /warn:4 /define:DEBUG;TRACE /reference:..\..\SandRibbon\lib\Divelements.SandRibbon.dll /reference:..\..\SandRibbon\lib\Microsoft.Practices.Composite.dll /reference:..\..\SandRibbon\lib\Microsoft.Practices.Composite.Presentation.dll /reference:"C:\Program Files\Reference Assemblies\Microsoft\Framework\v3.0\PresentationCore.dll" /reference:"C:\Program Files\Reference Assemblies\Microsoft\Framework\v3.0\PresentationFramework.dll" /reference:..\..\SandRibbonInterop\bin\Debug\SandRibbonInterop.dll /reference:"C:\Program Files\Reference Assemblies\Microsoft\Framework\v3.5\System.Core.dll" /reference:"C:\Program Files\Reference Assemblies\Microsoft\Framework\v3.5\System.Data.DataSetExtensions.dll" /reference:C:\Windows\Microsoft.NET\Framework\v2.0.50727\System.Data.dll /reference:C:\Windows\Microsoft.NET\Framework\v2.0.50727\System.dll /reference:C:\Windows\Microsoft.NET\Framework\v2.0.50727\System.Xml.dll /reference:"C:\Program Files\Reference Assemblies\Microsoft\Framework\v3.5\System.Xml.Linq.dll" /reference:"C:\Program Files\Reference Assemblies\Microsoft\Framework\v3.0\UIAutomationProvider.dll" /reference:"C:\Program Files\Reference Assemblies\Microsoft\Framework\v3.0\WindowsBase.dll" /debug+ /debug:full /filealign:512 /optimize- /out:obj\Debug\ArtistPalette.dll /resource:obj\Debug\ArtistPalette.g.resources /resource:obj\Debug\ArtistPalette.Properties.Resources.resources /target:library UserControl1.xaml.cs Properties\AssemblyInfo.cs Properties\Resources.Designer.cs Properties\Settings.Designer.cs C:\sandRibbon\SandRibbonPlugins\ArtistPalette\obj\Debug\UserControl1.g.cs C:\sandRibbon\SandRibbonPlugins\ArtistPalette\obj\Debug\GeneratedInternalTypeHelper.g.cs
C:\sandRibbon\SandRibbonPlugins\ArtistPalette\UserControl1.xaml.cs(851,17): warning CS0472: The result of the expression is always 'true' since a value of type 'double' is never equal to 'null' of type 'double?'
C:\sandRibbon\SandRibbonPlugins\ArtistPalette\UserControl1.xaml.cs(875,17): warning CS0472: The result of the expression is always 'true' since a value of type 'double' is never equal to 'null' of type 'double?'
C:\sandRibbon\SandRibbonPlugins\ArtistPalette\UserControl1.xaml.cs(900,17): warning CS0472: The result of the expression is always 'true' since a value of type 'double' is never equal to 'null' of type 'double?'
C:\sandRibbon\SandRibbonPlugins\ArtistPalette\UserControl1.xaml.cs(304,21): warning CS0414: The field 'ArtistPalette.PluginMain.nextAvailableSpot' is assigned but its value is never used
C:\sandRibbon\SandRibbonPlugins\ArtistPalette\UserControl1.xaml.cs(601,28): warning CS0169: The field 'ArtistPalette.PluginMain.DrawingAttributesEntry.xamlcolorname' is never used

Compile complete -- 0 errors, 5 warnings
ArtistPalette -> C:\sandRibbon\SandRibbonPlugins\ArtistPalette\bin\Debug\ArtistPalette.dll
xcopy /E /Y C:\sandRibbon\SandRibbonPlugins\ArtistPalette\bin\Debug\ArtistPalette.dll C:\sandRibbon\SandRibbonPlugins\ArtistPalette\..\..\SandRibbon\plugins\ArtistPalette\
xcopy /E /Y C:\sandRibbon\SandRibbonPlugins\ArtistPalette\lib C:\sandRibbon\SandRibbonPlugins\ArtistPalette\..\..\SandRibbon\plugins\ArtistPalette\lib\
xcopy /Y C:\sandRibbon\SandRibbonPlugins\ArtistPalette\pluginDown.txt C:\sandRibbon\SandRibbonPlugins\ArtistPalette\..\..\SandRibbon\plugins\ArtistPalette\
C:\sandRibbon\SandRibbonPlugins\ArtistPalette\bin\Debug\ArtistPalette.dll
1 File(s) copied
0 File(s) copied
C:\sandRibbon\SandRibbonPlugins\ArtistPalette\pluginDown.txt
1 File(s) copied
========== Rebuild All: 1 succeeded, 0 failed, 0 skipped ==========

------ Rebuild All started: Project: PluginInterfaceManager, Configuration: Debug Any CPU ------
C:\Windows\Microsoft.NET\Framework\v3.5\Csc.exe /noconfig /nowarn:1701,1702 /errorreport:prompt /warn:4 /define:DEBUG;TRACE /reference:"C:\Program Files\Reference Assemblies\Microsoft\Framework\v3.0\PresentationCore.dll" /reference:"C:\Program Files\Reference Assemblies\Microsoft\Framework\v3.0\PresentationFramework.dll" /reference:..\..\SandRibbonInterop\bin\Debug\SandRibbonInterop.dll /reference:"C:\Program Files\Reference Assemblies\Microsoft\Framework\v3.5\System.Core.dll" /reference:"C:\Program Files\Reference Assemblies\Microsoft\Framework\v3.5\System.Data.DataSetExtensions.dll" /reference:C:\Windows\Microsoft.NET\Framework\v2.0.50727\System.Data.dll /reference:C:\Windows\Microsoft.NET\Framework\v2.0.50727\System.dll /reference:C:\Windows\Microsoft.NET\Framework\v2.0.50727\System.Xml.dll /reference:"C:\Program Files\Reference Assemblies\Microsoft\Framework\v3.5\System.Xml.Linq.dll" /reference:"C:\Program Files\Reference Assemblies\Microsoft\Framework\v3.0\WindowsBase.dll" /debug+ /debug:full /filealign:512 /optimize- /out:obj\Debug\PluginInterfaceManager.dll /target:library UserControl1.xaml.cs Properties\AssemblyInfo.cs Properties\Resources.Designer.cs Properties\Settings.Designer.cs C:\sandRibbon\SandRibbonPlugins\PluginInterfaceManager\obj\Debug\UserControl1.g.cs
C:\Windows\Microsoft.NET\Framework\v3.5\Csc.exe /noconfig /nowarn:1701,1702 /errorreport:prompt /warn:4 /define:DEBUG;TRACE /reference:"C:\Program Files\Reference Assemblies\Microsoft\Framework\v3.0\PresentationCore.dll" /reference:"C:\Program Files\Reference Assemblies\Microsoft\Framework\v3.0\PresentationFramework.dll" /reference:..\..\SandRibbonInterop\bin\Debug\SandRibbonInterop.dll /reference:"C:\Program Files\Reference Assemblies\Microsoft\Framework\v3.5\System.Core.dll" /reference:"C:\Program Files\Reference Assemblies\Microsoft\Framework\v3.5\System.Data.DataSetExtensions.dll" /reference:C:\Windows\Microsoft.NET\Framework\v2.0.50727\System.Data.dll /reference:C:\Windows\Microsoft.NET\Framework\v2.0.50727\System.dll /reference:C:\Windows\Microsoft.NET\Framework\v2.0.50727\System.Xml.dll /reference:"C:\Program Files\Reference Assemblies\Microsoft\Framework\v3.5\System.Xml.Linq.dll" /reference:"C:\Program Files\Reference Assemblies\Microsoft\Framework\v3.0\WindowsBase.dll" /debug+ /debug:full /filealign:512 /optimize- /out:obj\Debug\PluginInterfaceManager.dll /resource:obj\Debug\PluginInterfaceManager.g.resources /resource:obj\Debug\PluginInterfaceManager.Properties.Resources.resources /target:library UserControl1.xaml.cs Properties\AssemblyInfo.cs Properties\Resources.Designer.cs Properties\Settings.Designer.cs C:\sandRibbon\SandRibbonPlugins\PluginInterfaceManager\obj\Debug\UserControl1.g.cs

Compile complete -- 0 errors, 0 warnings
PluginInterfaceManager -> C:\sandRibbon\SandRibbonPlugins\PluginInterfaceManager\bin\Debug\PluginInterfaceManager.dll
xcopy /E /Y C:\sandRibbon\SandRibbonPlugins\PluginInterfaceManager\bin\Debug\PluginInterfaceManager.dll C:\sandRibbon\SandRibbonPlugins\PluginInterfaceManager\..\..\SandRibbon\plugins\PluginInterfaceManager\
xcopy /E /Y C:\sandRibbon\SandRibbonPlugins\PluginInterfaceManager\lib C:\sandRibbon\SandRibbonPlugins\PluginInterfaceManager\..\..\SandRibbon\plugins\PluginInterfaceManager\lib\
xcopy /Y C:\sandRibbon\SandRibbonPlugins\PluginInterfaceManager\pluginDown.txt C:\sandRibbon\SandRibbonPlugins\PluginInterfaceManager\..\..\SandRibbon\plugins\PluginInterfaceManager\
C:\sandRibbon\SandRibbonPlugins\PluginInterfaceManager\bin\Debug\PluginInterfaceManager.dll
1 File(s) copied
0 File(s) copied
C:\sandRibbon\SandRibbonPlugins\PluginInterfaceManager\pluginDown.txt
1 File(s) copied
========== Rebuild All: 1 succeeded, 0 failed, 0 skipped ==========

------ Rebuild All started: Project: RubyRepl, Configuration: Debug Any CPU ------
C:\Windows\Microsoft.NET\Framework\v3.5\Microsoft.Common.targets : warning MSB3247: Found conflicts between different versions of the same dependent assembly.
C:\Windows\Microsoft.NET\Framework\v3.5\Csc.exe /noconfig /nowarn:1701,1702 /errorreport:prompt /warn:4 /define:DEBUG;TRACE /reference:lib\IronRuby.dll /reference:lib\IronRuby.Libraries.dll /reference:lib\Microsoft.Scripting.Core.dll /reference:lib\Microsoft.Scripting.dll /reference:lib\Microsoft.Scripting.ExtensionAttribute.dll /reference:lib\Org.TechA.Wpf.UserControls.dll /reference:"C:\Program Files\Reference Assemblies\Microsoft\Framework\v3.0\PresentationCore.dll" /reference:"C:\Program Files\Reference Assemblies\Microsoft\Framework\v3.0\PresentationFramework.dll" /reference:"C:\Program Files\Reference Assemblies\Microsoft\Framework\v3.5\System.Core.dll" /reference:"C:\Program Files\Reference Assemblies\Microsoft\Framework\v3.5\System.Data.DataSetExtensions.dll" /reference:C:\Windows\Microsoft.NET\Framework\v2.0.50727\System.Data.dll /reference:C:\Windows\Microsoft.NET\Framework\v2.0.50727\System.dll /reference:C:\Windows\Microsoft.NET\Framework\v2.0.50727\System.Xml.dll /reference:"C:\Program Files\Reference Assemblies\Microsoft\Framework\v3.5\System.Xml.Linq.dll" /reference:"C:\Program Files\Reference Assemblies\Microsoft\Framework\v3.0\WindowsBase.dll" /debug+ /debug:full /filealign:512 /optimize- /out:obj\Debug\RubyRepl.dll /resource:obj\Debug\RubyRepl.g.resources /resource:obj\Debug\RubyRepl.Properties.Resources.resources /target:library plugin.xaml.cs Properties\AssemblyInfo.cs Properties\Resources.Designer.cs Properties\Settings.Designer.cs C:\sandRibbon\SandRibbonPlugins\RubyRepl\obj\Debug\plugin.g.cs
warning CS1685: The predefined type 'System.Linq.Expressions.Expression' is defined in multiple assemblies in the global alias; using definition from 'c:\sandRibbon\SandRibbonPlugins\RubyRepl\lib\Microsoft.Scripting.Core.dll'
warning CS1685: The predefined type 'System.Linq.Expressions.Expression' is defined in multiple assemblies in the global alias; using definition from 'c:\sandRibbon\SandRibbonPlugins\RubyRepl\lib\Microsoft.Scripting.Core.dll'
warning CS1685: The predefined type 'System.Linq.Expressions.LambdaExpression' is defined in multiple assemblies in the global alias; using definition from 'c:\sandRibbon\SandRibbonPlugins\RubyRepl\lib\Microsoft.Scripting.Core.dll'
warning CS1685: The predefined type 'System.Linq.Expressions.BinaryExpression' is defined in multiple assemblies in the global alias; using definition from 'c:\sandRibbon\SandRibbonPlugins\RubyRepl\lib\Microsoft.Scripting.Core.dll'
warning CS1685: The predefined type 'System.Linq.Expressions.UnaryExpression' is defined in multiple assemblies in the global alias; using definition from 'c:\sandRibbon\SandRibbonPlugins\RubyRepl\lib\Microsoft.Scripting.Core.dll'
warning CS1685: The predefined type 'System.Linq.Expressions.ConditionalExpression' is defined in multiple assemblies in the global alias; using definition from 'c:\sandRibbon\SandRibbonPlugins\RubyRepl\lib\Microsoft.Scripting.Core.dll'
warning CS1685: The predefined type 'System.Linq.Expressions.ConstantExpression' is defined in multiple assemblies in the global alias; using definition from 'c:\sandRibbon\SandRibbonPlugins\RubyRepl\lib\Microsoft.Scripting.Core.dll'
warning CS1685: The predefined type 'System.Linq.Expressions.ParameterExpression' is defined in multiple assemblies in the global alias; using definition from 'c:\sandRibbon\SandRibbonPlugins\RubyRepl\lib\Microsoft.Scripting.Core.dll'
warning CS1685: The predefined type 'System.Linq.Expressions.MemberExpression' is defined in multiple assemblies in the global alias; using definition from 'c:\sandRibbon\SandRibbonPlugins\RubyRepl\lib\Microsoft.Scripting.Core.dll'
warning CS1685: The predefined type 'System.Linq.Expressions.MethodCallExpression' is defined in multiple assemblies in the global alias; using definition from 'c:\sandRibbon\SandRibbonPlugins\RubyRepl\lib\Microsoft.Scripting.Core.dll'
warning CS1685: The predefined type 'System.Linq.Expressions.NewExpression' is defined in multiple assemblies in the global alias; using definition from 'c:\sandRibbon\SandRibbonPlugins\RubyRepl\lib\Microsoft.Scripting.Core.dll'
warning CS1685: The predefined type 'System.Linq.Expressions.MemberBinding' is defined in multiple assemblies in the global alias; using definition from 'c:\sandRibbon\SandRibbonPlugins\RubyRepl\lib\Microsoft.Scripting.Core.dll'
warning CS1685: The predefined type 'System.Linq.Expressions.MemberInitExpression' is defined in multiple assemblies in the global alias; using definition from 'c:\sandRibbon\SandRibbonPlugins\RubyRepl\lib\Microsoft.Scripting.Core.dll'
warning CS1685: The predefined type 'System.Linq.Expressions.ListInitExpression' is defined in multiple assemblies in the global alias; using definition from 'c:\sandRibbon\SandRibbonPlugins\RubyRepl\lib\Microsoft.Scripting.Core.dll'
warning CS1685: The predefined type 'System.Linq.Expressions.TypeBinaryExpression' is defined in multiple assemblies in the global alias; using definition from 'c:\sandRibbon\SandRibbonPlugins\RubyRepl\lib\Microsoft.Scripting.Core.dll'
warning CS1685: The predefined type 'System.Linq.Expressions.NewArrayExpression' is defined in multiple assemblies in the global alias; using definition from 'c:\sandRibbon\SandRibbonPlugins\RubyRepl\lib\Microsoft.Scripting.Core.dll'
warning CS1685: The predefined type 'System.Linq.Expressions.MemberAssignment' is defined in multiple assemblies in the global alias; using definition from 'c:\sandRibbon\SandRibbonPlugins\RubyRepl\lib\Microsoft.Scripting.Core.dll'
warning CS1685: The predefined type 'System.Linq.Expressions.MemberListBinding' is defined in multiple assemblies in the global alias; using definition from 'c:\sandRibbon\SandRibbonPlugins\RubyRepl\lib\Microsoft.Scripting.Core.dll'
warning CS1685: The predefined type 'System.Linq.Expressions.MemberMemberBinding' is defined in multiple assemblies in the global alias; using definition from 'c:\sandRibbon\SandRibbonPlugins\RubyRepl\lib\Microsoft.Scripting.Core.dll'
warning CS1685: The predefined type 'System.Linq.Expressions.InvocationExpression' is defined in multiple assemblies in the global alias; using definition from 'c:\sandRibbon\SandRibbonPlugins\RubyRepl\lib\Microsoft.Scripting.Core.dll'
warning CS1685: The predefined type 'System.Linq.Expressions.ElementInit' is defined in multiple assemblies in the global alias; using definition from 'c:\sandRibbon\SandRibbonPlugins\RubyRepl\lib\Microsoft.Scripting.Core.dll'

Compile complete -- 0 errors, 21 warnings
RubyRepl -> C:\sandRibbon\SandRibbonPlugins\RubyRepl\bin\Debug\RubyRepl.dll
xcopy /E /Y C:\sandRibbon\SandRibbonPlugins\RubyRepl\bin\Debug\RubyRepl.dll C:\sandRibbon\SandRibbonPlugins\RubyRepl\..\..\SandRibbon\plugins\RubyRepl\
xcopy /E /Y C:\sandRibbon\SandRibbonPlugins\RubyRepl\lib C:\sandRibbon\SandRibbonPlugins\RubyRepl\..\..\SandRibbon\plugins\RubyRepl\lib\
xcopy /Y C:\sandRibbon\SandRibbonPlugins\RubyRepl\pluginDown.txt C:\sandRibbon\SandRibbonPlugins\RubyRepl\..\..\SandRibbon\plugins\RubyRepl\
C:\sandRibbon\SandRibbonPlugins\RubyRepl\bin\Debug\RubyRepl.dll
1 File(s) copied
C:\sandRibbon\SandRibbonPlugins\RubyRepl\lib\IronRuby.dll
C:\sandRibbon\SandRibbonPlugins\RubyRepl\lib\IronRuby.Libraries.dll
C:\sandRibbon\SandRibbonPlugins\RubyRepl\lib\Microsoft.Scripting.Core.dll
C:\sandRibbon\SandRibbonPlugins\RubyRepl\lib\Microsoft.Scripting.dll
C:\sandRibbon\SandRibbonPlugins\RubyRepl\lib\Microsoft.Scripting.ExtensionAttribute.dll
C:\sandRibbon\SandRibbonPlugins\RubyRepl\lib\Org.TechA.Wpf.UserControls.dll
C:\sandRibbon\SandRibbonPlugins\RubyRepl\lib\Org.TechA.Wpf.UserControls.dll.config
C:\sandRibbon\SandRibbonPlugins\RubyRepl\lib\Org.TechA.Wpf.UserControls.pdb
8 File(s) copied
C:\sandRibbon\SandRibbonPlugins\RubyRepl\pluginDown.txt
1 File(s) copied
Done building project "RubyRepl.csproj".
========== Rebuild All: 1 succeeded, 0 failed, 0 skipped ==========

